[debug] [2020-08-12T02:16:27.615Z] ----------------------------------------------------------------------
[debug] [2020-08-12T02:16:27.621Z] Command:       C:\Program Files\nodejs\node.exe C:\Users\benfs\AppData\Roaming\npm\node_modules\firebase-tools\lib\bin\firebase.js functions:shell
[debug] [2020-08-12T02:16:27.622Z] CLI Version:   8.5.0
[debug] [2020-08-12T02:16:27.622Z] Platform:      win32
[debug] [2020-08-12T02:16:27.622Z] Node Version:  v10.16.3
[debug] [2020-08-12T02:16:27.625Z] Time:          Tue Aug 11 2020 22:16:27 GMT-0400 (Eastern Daylight Time)
[debug] [2020-08-12T02:16:27.625Z] ----------------------------------------------------------------------
[debug] [2020-08-12T02:16:27.625Z] 
[debug] [2020-08-12T02:16:27.647Z] > command requires scopes: ["email","openid","https://www.googleapis.com/auth/cloudplatformprojects.readonly","https://www.googleapis.com/auth/firebase","https://www.googleapis.com/auth/cloud-platform"]
[debug] [2020-08-12T02:16:27.648Z] > authorizing via signed-in user
[debug] [2020-08-12T02:16:27.649Z] [iam] checking project apt-401b for permissions ["firebase.projects.get"]
[debug] [2020-08-12T02:16:27.656Z] >>> HTTP REQUEST POST https://cloudresourcemanager.googleapis.com/v1/projects/apt-401b:testIamPermissions  
 {"permissions":["firebase.projects.get"]}
[debug] [2020-08-12T02:16:27.959Z] <<< HTTP RESPONSE 200 {"content-type":"application/json; charset=UTF-8","vary":"X-Origin, Referer, Origin,Accept-Encoding","date":"Wed, 12 Aug 2020 02:16:25 GMT","server":"ESF","cache-control":"private","x-xss-protection":"0","x-frame-options":"SAMEORIGIN","x-content-type-options":"nosniff","server-timing":"gfet4t7; dur=57","alt-svc":"h3-29=\":443\"; ma=2592000,h3-27=\":443\"; ma=2592000,h3-T050=\":443\"; ma=2592000,h3-Q050=\":443\"; ma=2592000,h3-Q046=\":443\"; ma=2592000,h3-Q043=\":443\"; ma=2592000,quic=\":443\"; ma=2592000; v=\"46,43\"","accept-ranges":"none","transfer-encoding":"chunked"}
[debug] [2020-08-12T02:16:29.980Z] [functions] Using node@10 from host.
[debug] [2020-08-12T02:16:29.994Z] [functions] Watching "C:\Users\benfs\Documents\Benjamin\Apartment\apt\functions" for Cloud Functions...
[debug] [2020-08-12T02:16:30.065Z] DEBUG: [worker-pool] addWorker(~diagnostic~)
[debug] [2020-08-12T02:16:30.065Z] DEBUG: [worker-pool] Adding worker with key ~diagnostic~, total=1
[debug] [2020-08-12T02:16:30.065Z] DEBUG: [worker-pool] submitWork(triggerId=)
[debug] [2020-08-12T02:16:30.066Z] DEBUG: [worker-~diagnostic~-d963bc42-b84c-4e45-a71e-d686d4a0eec8]: Assigning socketPath: \\?\pipe\C:\Users\benfs\Documents\Benjamin\Apartment\apt\functions\32852
[debug] [2020-08-12T02:16:30.067Z] DEBUG: [worker-~diagnostic~-d963bc42-b84c-4e45-a71e-d686d4a0eec8]: BUSY
[debug] [2020-08-12T02:16:31.324Z] DEBUG: [runtime-status] [32852] Functions runtime initialized. {"cwd":"C:\\Users\\benfs\\Documents\\Benjamin\\Apartment\\apt\\functions","node_version":"10.16.3"}
[debug] [2020-08-12T02:16:31.328Z] DEBUG: [runtime-status] [32852] Disabled runtime features: undefined
[debug] [2020-08-12T02:16:31.339Z] DEBUG: [runtime-status] [32852] Resolved module firebase-admin {"declared":true,"installed":true,"version":"8.13.0","resolution":"C:\\Users\\benfs\\Documents\\Benjamin\\Apartment\\apt\\functions\\node_modules\\firebase-admin\\lib\\index.js"}
[debug] [2020-08-12T02:16:31.344Z] DEBUG: [runtime-status] [32852] Resolved module firebase-functions {"declared":true,"installed":true,"version":"3.9.0","resolution":"C:\\Users\\benfs\\Documents\\Benjamin\\Apartment\\apt\\functions\\node_modules\\firebase-functions\\lib\\index.js"}
[debug] [2020-08-12T02:16:31.354Z] DEBUG: [runtime-status] [32852] Outgoing network have been stubbed. [{"name":"http","status":"mocked"},{"name":"http","status":"mocked"},{"name":"https","status":"mocked"},{"name":"https","status":"mocked"},{"name":"net","status":"mocked"}]
[debug] [2020-08-12T02:16:31.356Z] DEBUG: [runtime-status] [32852] Resolved module firebase-functions {"declared":true,"installed":true,"version":"3.9.0","resolution":"C:\\Users\\benfs\\Documents\\Benjamin\\Apartment\\apt\\functions\\node_modules\\firebase-functions\\lib\\index.js"}
[debug] [2020-08-12T02:16:31.472Z] DEBUG: [runtime-status] [32852] Checked functions.config() {"config":{}}
[debug] [2020-08-12T02:16:31.472Z] DEBUG: [runtime-status] [32852] firebase-functions has been stubbed. {"functionsResolution":{"declared":true,"installed":true,"version":"3.9.0","resolution":"C:\\Users\\benfs\\Documents\\Benjamin\\Apartment\\apt\\functions\\node_modules\\firebase-functions\\lib\\index.js"}}
[debug] [2020-08-12T02:16:31.474Z] DEBUG: [runtime-status] [32852] Resolved module firebase-functions {"declared":true,"installed":true,"version":"3.9.0","resolution":"C:\\Users\\benfs\\Documents\\Benjamin\\Apartment\\apt\\functions\\node_modules\\firebase-functions\\lib\\index.js"}
[debug] [2020-08-12T02:16:31.477Z] DEBUG: [runtime-status] [32852] Resolved module firebase-admin {"declared":true,"installed":true,"version":"8.13.0","resolution":"C:\\Users\\benfs\\Documents\\Benjamin\\Apartment\\apt\\functions\\node_modules\\firebase-admin\\lib\\index.js"}
[debug] [2020-08-12T02:16:31.478Z] DEBUG: [runtime-status] [32852] Resolved module firebase-functions {"declared":true,"installed":true,"version":"3.9.0","resolution":"C:\\Users\\benfs\\Documents\\Benjamin\\Apartment\\apt\\functions\\node_modules\\firebase-functions\\lib\\index.js"}
[debug] [2020-08-12T02:16:31.478Z] DEBUG: [runtime-status] [32852] firebase-admin has been stubbed. {"adminResolution":{"declared":true,"installed":true,"version":"8.13.0","resolution":"C:\\Users\\benfs\\Documents\\Benjamin\\Apartment\\apt\\functions\\node_modules\\firebase-admin\\lib\\index.js"}}
[debug] [2020-08-12T02:16:31.730Z] DEBUG: [runtime-status] [32852] initializeApp(DEFAULT) {"credential":{"implicit":false,"projectId":"apt-401b","privateKey":"-----BEGIN PRIVATE KEY-----\nMIIEvgIBADANBgkqhkiG9w0BAQEFAASCBKgwggSkAgEAAoIBAQDPoKBJ9Vlx214Z\nHGvecgqkc7/C+n1Efrtbtj4oSLjCe/MRjkkJ59Wcc73csdfJeZbpzfQ5/e0A2SGY\nmx6SIarhm3ln3irN3Tz/tToVWCDuaFBqrEdjlXOmycCTs0cqyNC3ngGIQQik1dEx\nCWcyQXDsQlHAHnypGMywnrIBAkZ03kXysbepWzS5EmmG4AMhiVbZ6pi+rY4vP/al\nAb3+APo/5KNTZW2iRNlYO/HdkcnY1lvK80MauAm/bwniFB/bozmGxgnKx1y05ogf\nnzQkLlkLsWHXFi7UV0N3hynzDD3jCAjP9H0GiAdYbC3uLXCg2Jwo6ls1kqE4Jq/H\nmMizP7qxAgMBAAECggEAKiEbpSYlmha7BzlfIeneAvSBqpyNIoLcnYVjI2VuJ/hi\nn+NRKrNiArbxhYCImpcTaimiLso5dvyX9pEzKM+wDssvXUYVRWRo5jHtsTsKo5WD\nC8IdUjWXG/bAHrg37pSE1V04Tl9z046XPe38hJQGx8nFMMh+3wjrL8NjtxSxGzFJ\nTFoSUs/M6j1aKXbuf/aVBoDakQEhy9+XRxlcFomYYmzWSsSIfUd/zXdGdPp/ifnw\nFxOmgSuwDBdfnpGissz4BTTPrYH4LsBxVxTdI6VG72N4hOOuttZSq0X7fUbX1Rwf\n8pE6ZkMpwRY8FMTl01vJi8dyisXiAywKQBBUA+R4CQKBgQDmqAM78fViTQsNaaVe\nZpjPon+DZpiVveJXRhUmVKCUBnrjkykTSoHbBnJJgIlfYARclsXKr813cnR/VUqt\nwVoOwrJTi9gu2Yrr6WWa0ONbCP0XVasCfjcM7O6nI7NvPX4t8rzJtN4tvs5RuG1N\nNDezhcWEGe/ShwAV3mnek9hi5wKBgQDmcNlmaGOh8nkClMuas9WYoxKCE5e1PMii\n0pxK97IfEnbJk5iUXnYVhIM9Kzs6hx1YFeGq/lY8/AUihMEa2UMlGk43zI0yikyN\n3BZ7F2oNXCzXuVuz+BV7AXo705NizaiPJ+OODxA6ARw9aIQQUogYlKXklFTnFPxM\ncVqTBt5apwKBgQDWattOz3eYIRykJFCJOADYDCxTf31avkD5dnnUvxjjYj687aFi\ngIHElPKLJ4UMd1q2o6ZM7C6p2mk3sZcRfUt1q0JQ7hBSRQKimb5NM+AWUX3NQmMN\nlz0fs+WK1GJKh7STjDI5o/xiNBzh1PsuqNsa9MEPM3lAkSTgL3jlYzTlgwKBgAkZ\nk7wzixuuE5FChvfI+jpY1jZEx8zkZZfocTuUpHgNpps3NONHB6q53OThfClHhKUh\n2BOEj6tA2IMQcv+4bKpea5BQh5LjWzqO4mRh/FIivbKXI0PsHA0LdeQ+6qcQMAPX\nM2k8twtTV+Yk5nIukClIVXS9Vsz5Sy1JnKYJs2YpAoGBAKlMsUZD1k16l3bZwo5p\nUncSb5Je64JgX1U/39a1eezPP/QGnVzgyqi0ZSBMmanYCKi9rsscbAeUJVD9jyob\nCtQxi2dslyniXlnRk7gpgOOTPlfTsGe476mJOLAzZ/UnlMfxQeCRef3pj/oyAIkR\nxMZPZiVfnvnHVj0bC46poO2A\n-----END PRIVATE KEY-----\n","clientEmail":"firebase-adminsdk-91wj3@apt-401b.iam.gserviceaccount.com","httpClient":{"retry":{"maxRetries":4,"statusCodes":[503],"ioErrorCodes":["ECONNRESET","ETIMEDOUT"],"backOffFactor":0.5,"maxDelayInMillis":60000}}},"databaseURL":"https://apt-401b.firebaseio.com"}
[debug] [2020-08-12T02:16:31.733Z] [functions[ringDoorbell]] http function initialized (http://localhost:5000/apt-401b/us-central1/ringDoorbell).
[info] i  functions: Loaded functions: ringDoorbell 
[warn] !  functions: The following emulators are not running, calls to these services will affect production: firestore, database, pubsub 
[debug] [2020-08-12T02:16:31.752Z] DEBUG: [worker-~diagnostic~-d963bc42-b84c-4e45-a71e-d686d4a0eec8]: IDLE
[debug] [2020-08-12T02:16:34.468Z] [work-queue] {"queueLength":1,"workRunningCount":0}
[debug] [2020-08-12T02:16:34.468Z] [work-queue] {"queueLength":0,"workRunningCount":1}
[debug] [2020-08-12T02:16:34.469Z] Accepted request OPTIONS /apt-401b/us-central1/ringDoorbell --> ringDoorbell
[debug] [2020-08-12T02:16:34.529Z] DEBUG: [worker-pool] addWorker(ringDoorbell)
[debug] [2020-08-12T02:16:34.529Z] DEBUG: [worker-pool] Adding worker with key ringDoorbell, total=1
[debug] [2020-08-12T02:16:34.529Z] DEBUG: [worker-pool] submitWork(triggerId=ringDoorbell)
[debug] [2020-08-12T02:16:34.530Z] DEBUG: [worker-ringDoorbell-58c96ba7-040e-42cf-8806-935f3de1e287]: Assigning socketPath: \\?\pipe\C:\Users\benfs\Documents\Benjamin\Apartment\apt\functions\19376
[debug] [2020-08-12T02:16:34.530Z] DEBUG: [worker-ringDoorbell-58c96ba7-040e-42cf-8806-935f3de1e287]: BUSY
[debug] [2020-08-12T02:16:35.599Z] DEBUG: [runtime-status] [19376] Functions runtime initialized. {"cwd":"C:\\Users\\benfs\\Documents\\Benjamin\\Apartment\\apt\\functions","node_version":"10.16.3"}
[debug] [2020-08-12T02:16:35.603Z] DEBUG: [runtime-status] [19376] Disabled runtime features: undefined
[debug] [2020-08-12T02:16:35.611Z] DEBUG: [runtime-status] [19376] Resolved module firebase-admin {"declared":true,"installed":true,"version":"8.13.0","resolution":"C:\\Users\\benfs\\Documents\\Benjamin\\Apartment\\apt\\functions\\node_modules\\firebase-admin\\lib\\index.js"}
[debug] [2020-08-12T02:16:35.615Z] DEBUG: [runtime-status] [19376] Resolved module firebase-functions {"declared":true,"installed":true,"version":"3.9.0","resolution":"C:\\Users\\benfs\\Documents\\Benjamin\\Apartment\\apt\\functions\\node_modules\\firebase-functions\\lib\\index.js"}
[debug] [2020-08-12T02:16:35.624Z] DEBUG: [runtime-status] [19376] Outgoing network have been stubbed. [{"name":"http","status":"mocked"},{"name":"http","status":"mocked"},{"name":"https","status":"mocked"},{"name":"https","status":"mocked"},{"name":"net","status":"mocked"}]
[debug] [2020-08-12T02:16:35.626Z] DEBUG: [runtime-status] [19376] Resolved module firebase-functions {"declared":true,"installed":true,"version":"3.9.0","resolution":"C:\\Users\\benfs\\Documents\\Benjamin\\Apartment\\apt\\functions\\node_modules\\firebase-functions\\lib\\index.js"}
[debug] [2020-08-12T02:16:35.733Z] DEBUG: [runtime-status] [19376] Checked functions.config() {"config":{}}
[debug] [2020-08-12T02:16:35.734Z] DEBUG: [runtime-status] [19376] firebase-functions has been stubbed. {"functionsResolution":{"declared":true,"installed":true,"version":"3.9.0","resolution":"C:\\Users\\benfs\\Documents\\Benjamin\\Apartment\\apt\\functions\\node_modules\\firebase-functions\\lib\\index.js"}}
[debug] [2020-08-12T02:16:35.735Z] DEBUG: [runtime-status] [19376] Resolved module firebase-functions {"declared":true,"installed":true,"version":"3.9.0","resolution":"C:\\Users\\benfs\\Documents\\Benjamin\\Apartment\\apt\\functions\\node_modules\\firebase-functions\\lib\\index.js"}
[debug] [2020-08-12T02:16:35.737Z] DEBUG: [runtime-status] [19376] Resolved module firebase-admin {"declared":true,"installed":true,"version":"8.13.0","resolution":"C:\\Users\\benfs\\Documents\\Benjamin\\Apartment\\apt\\functions\\node_modules\\firebase-admin\\lib\\index.js"}
[debug] [2020-08-12T02:16:35.738Z] DEBUG: [runtime-status] [19376] Resolved module firebase-functions {"declared":true,"installed":true,"version":"3.9.0","resolution":"C:\\Users\\benfs\\Documents\\Benjamin\\Apartment\\apt\\functions\\node_modules\\firebase-functions\\lib\\index.js"}
[debug] [2020-08-12T02:16:35.738Z] DEBUG: [runtime-status] [19376] firebase-admin has been stubbed. {"adminResolution":{"declared":true,"installed":true,"version":"8.13.0","resolution":"C:\\Users\\benfs\\Documents\\Benjamin\\Apartment\\apt\\functions\\node_modules\\firebase-admin\\lib\\index.js"}}
[debug] [2020-08-12T02:16:35.966Z] DEBUG: [runtime-status] [19376] initializeApp(DEFAULT) {"credential":{"implicit":false,"projectId":"apt-401b","privateKey":"-----BEGIN PRIVATE KEY-----\nMIIEvgIBADANBgkqhkiG9w0BAQEFAASCBKgwggSkAgEAAoIBAQDPoKBJ9Vlx214Z\nHGvecgqkc7/C+n1Efrtbtj4oSLjCe/MRjkkJ59Wcc73csdfJeZbpzfQ5/e0A2SGY\nmx6SIarhm3ln3irN3Tz/tToVWCDuaFBqrEdjlXOmycCTs0cqyNC3ngGIQQik1dEx\nCWcyQXDsQlHAHnypGMywnrIBAkZ03kXysbepWzS5EmmG4AMhiVbZ6pi+rY4vP/al\nAb3+APo/5KNTZW2iRNlYO/HdkcnY1lvK80MauAm/bwniFB/bozmGxgnKx1y05ogf\nnzQkLlkLsWHXFi7UV0N3hynzDD3jCAjP9H0GiAdYbC3uLXCg2Jwo6ls1kqE4Jq/H\nmMizP7qxAgMBAAECggEAKiEbpSYlmha7BzlfIeneAvSBqpyNIoLcnYVjI2VuJ/hi\nn+NRKrNiArbxhYCImpcTaimiLso5dvyX9pEzKM+wDssvXUYVRWRo5jHtsTsKo5WD\nC8IdUjWXG/bAHrg37pSE1V04Tl9z046XPe38hJQGx8nFMMh+3wjrL8NjtxSxGzFJ\nTFoSUs/M6j1aKXbuf/aVBoDakQEhy9+XRxlcFomYYmzWSsSIfUd/zXdGdPp/ifnw\nFxOmgSuwDBdfnpGissz4BTTPrYH4LsBxVxTdI6VG72N4hOOuttZSq0X7fUbX1Rwf\n8pE6ZkMpwRY8FMTl01vJi8dyisXiAywKQBBUA+R4CQKBgQDmqAM78fViTQsNaaVe\nZpjPon+DZpiVveJXRhUmVKCUBnrjkykTSoHbBnJJgIlfYARclsXKr813cnR/VUqt\nwVoOwrJTi9gu2Yrr6WWa0ONbCP0XVasCfjcM7O6nI7NvPX4t8rzJtN4tvs5RuG1N\nNDezhcWEGe/ShwAV3mnek9hi5wKBgQDmcNlmaGOh8nkClMuas9WYoxKCE5e1PMii\n0pxK97IfEnbJk5iUXnYVhIM9Kzs6hx1YFeGq/lY8/AUihMEa2UMlGk43zI0yikyN\n3BZ7F2oNXCzXuVuz+BV7AXo705NizaiPJ+OODxA6ARw9aIQQUogYlKXklFTnFPxM\ncVqTBt5apwKBgQDWattOz3eYIRykJFCJOADYDCxTf31avkD5dnnUvxjjYj687aFi\ngIHElPKLJ4UMd1q2o6ZM7C6p2mk3sZcRfUt1q0JQ7hBSRQKimb5NM+AWUX3NQmMN\nlz0fs+WK1GJKh7STjDI5o/xiNBzh1PsuqNsa9MEPM3lAkSTgL3jlYzTlgwKBgAkZ\nk7wzixuuE5FChvfI+jpY1jZEx8zkZZfocTuUpHgNpps3NONHB6q53OThfClHhKUh\n2BOEj6tA2IMQcv+4bKpea5BQh5LjWzqO4mRh/FIivbKXI0PsHA0LdeQ+6qcQMAPX\nM2k8twtTV+Yk5nIukClIVXS9Vsz5Sy1JnKYJs2YpAoGBAKlMsUZD1k16l3bZwo5p\nUncSb5Je64JgX1U/39a1eezPP/QGnVzgyqi0ZSBMmanYCKi9rsscbAeUJVD9jyob\nCtQxi2dslyniXlnRk7gpgOOTPlfTsGe476mJOLAzZ/UnlMfxQeCRef3pj/oyAIkR\nxMZPZiVfnvnHVj0bC46poO2A\n-----END PRIVATE KEY-----\n","clientEmail":"firebase-adminsdk-91wj3@apt-401b.iam.gserviceaccount.com","httpClient":{"retry":{"maxRetries":4,"statusCodes":[503],"ioErrorCodes":["ECONNRESET","ETIMEDOUT"],"backOffFactor":0.5,"maxDelayInMillis":60000}}},"databaseURL":"https://apt-401b.firebaseio.com"}
[debug] [2020-08-12T02:16:35.968Z] DEBUG: [runtime-status] [19376] Trigger "ringDoorbell" has been found, beginning invocation!
[debug] [2020-08-12T02:16:35.969Z] [functions] Beginning execution of "ringDoorbell"
[debug] [2020-08-12T02:16:35.969Z] DEBUG: [runtime-status] [19376] triggerDefinition {"httpsTrigger":{},"labels":{"deployment-callable":"true"},"name":"ringDoorbell","entryPoint":"ringDoorbell"}
[debug] [2020-08-12T02:16:35.970Z] DEBUG: [runtime-status] [19376] Running ringDoorbell in mode HTTPS
[debug] [2020-08-12T02:16:35.978Z] DEBUG: [runtime-status] [19376] Attempting to listen to socketPath: \\?\pipe\C:\Users\benfs\Documents\Benjamin\Apartment\apt\functions\19376
[debug] [2020-08-12T02:16:35.987Z] DEBUG: [functions] Runtime ready! Sending request!
[debug] [2020-08-12T02:16:36.000Z] DEBUG: [runtime-status] [19376] Ephemeral server handling OPTIONS request
[debug] [2020-08-12T02:16:36.007Z] DEBUG: [runtime-status] [19376] Ephemeral server survived.
[debug] [2020-08-12T02:16:36.010Z] [work-queue] {"queueLength":1,"workRunningCount":1}
[debug] [2020-08-12T02:16:36.011Z] [work-queue] {"queueLength":0,"workRunningCount":2}
[debug] [2020-08-12T02:16:36.011Z] Accepted request POST /apt-401b/us-central1/ringDoorbell --> ringDoorbell
[debug] [2020-08-12T02:16:36.063Z] DEBUG: [worker-pool] addWorker(ringDoorbell)
[debug] [2020-08-12T02:16:36.063Z] DEBUG: [worker-pool] Adding worker with key ringDoorbell, total=2
[debug] [2020-08-12T02:16:36.063Z] DEBUG: [worker-pool] submitWork(triggerId=ringDoorbell)
[debug] [2020-08-12T02:16:36.063Z] DEBUG: [worker-ringDoorbell-1927f440-5404-4d6d-9848-5624845b49e1]: Assigning socketPath: \\?\pipe\C:\Users\benfs\Documents\Benjamin\Apartment\apt\functions\79020
[debug] [2020-08-12T02:16:36.064Z] DEBUG: [worker-ringDoorbell-1927f440-5404-4d6d-9848-5624845b49e1]: BUSY
[debug] [2020-08-12T02:16:36.064Z] [functions] Finished "ringDoorbell" in ~1s
[debug] [2020-08-12T02:16:36.065Z] DEBUG: [worker-ringDoorbell-58c96ba7-040e-42cf-8806-935f3de1e287]: IDLE
[debug] [2020-08-12T02:16:36.065Z] [work-queue] {"queueLength":0,"workRunningCount":1}
[debug] [2020-08-12T02:16:37.302Z] DEBUG: [runtime-status] [79020] Functions runtime initialized. {"cwd":"C:\\Users\\benfs\\Documents\\Benjamin\\Apartment\\apt\\functions","node_version":"10.16.3"}
[debug] [2020-08-12T02:16:37.309Z] DEBUG: [runtime-status] [79020] Disabled runtime features: undefined
[debug] [2020-08-12T02:16:37.319Z] DEBUG: [runtime-status] [79020] Resolved module firebase-admin {"declared":true,"installed":true,"version":"8.13.0","resolution":"C:\\Users\\benfs\\Documents\\Benjamin\\Apartment\\apt\\functions\\node_modules\\firebase-admin\\lib\\index.js"}
[debug] [2020-08-12T02:16:37.322Z] DEBUG: [runtime-status] [79020] Resolved module firebase-functions {"declared":true,"installed":true,"version":"3.9.0","resolution":"C:\\Users\\benfs\\Documents\\Benjamin\\Apartment\\apt\\functions\\node_modules\\firebase-functions\\lib\\index.js"}
[debug] [2020-08-12T02:16:37.331Z] DEBUG: [runtime-status] [79020] Outgoing network have been stubbed. [{"name":"http","status":"mocked"},{"name":"http","status":"mocked"},{"name":"https","status":"mocked"},{"name":"https","status":"mocked"},{"name":"net","status":"mocked"}]
[debug] [2020-08-12T02:16:37.333Z] DEBUG: [runtime-status] [79020] Resolved module firebase-functions {"declared":true,"installed":true,"version":"3.9.0","resolution":"C:\\Users\\benfs\\Documents\\Benjamin\\Apartment\\apt\\functions\\node_modules\\firebase-functions\\lib\\index.js"}
[debug] [2020-08-12T02:16:37.454Z] DEBUG: [runtime-status] [79020] Checked functions.config() {"config":{}}
[debug] [2020-08-12T02:16:37.455Z] DEBUG: [runtime-status] [79020] firebase-functions has been stubbed. {"functionsResolution":{"declared":true,"installed":true,"version":"3.9.0","resolution":"C:\\Users\\benfs\\Documents\\Benjamin\\Apartment\\apt\\functions\\node_modules\\firebase-functions\\lib\\index.js"}}
[debug] [2020-08-12T02:16:37.456Z] DEBUG: [runtime-status] [79020] Resolved module firebase-functions {"declared":true,"installed":true,"version":"3.9.0","resolution":"C:\\Users\\benfs\\Documents\\Benjamin\\Apartment\\apt\\functions\\node_modules\\firebase-functions\\lib\\index.js"}
[debug] [2020-08-12T02:16:37.458Z] DEBUG: [runtime-status] [79020] Resolved module firebase-admin {"declared":true,"installed":true,"version":"8.13.0","resolution":"C:\\Users\\benfs\\Documents\\Benjamin\\Apartment\\apt\\functions\\node_modules\\firebase-admin\\lib\\index.js"}
[debug] [2020-08-12T02:16:37.459Z] DEBUG: [runtime-status] [79020] Resolved module firebase-functions {"declared":true,"installed":true,"version":"3.9.0","resolution":"C:\\Users\\benfs\\Documents\\Benjamin\\Apartment\\apt\\functions\\node_modules\\firebase-functions\\lib\\index.js"}
[debug] [2020-08-12T02:16:37.459Z] DEBUG: [runtime-status] [79020] firebase-admin has been stubbed. {"adminResolution":{"declared":true,"installed":true,"version":"8.13.0","resolution":"C:\\Users\\benfs\\Documents\\Benjamin\\Apartment\\apt\\functions\\node_modules\\firebase-admin\\lib\\index.js"}}
[debug] [2020-08-12T02:16:37.684Z] DEBUG: [runtime-status] [79020] initializeApp(DEFAULT) {"credential":{"implicit":false,"projectId":"apt-401b","privateKey":"-----BEGIN PRIVATE KEY-----\nMIIEvgIBADANBgkqhkiG9w0BAQEFAASCBKgwggSkAgEAAoIBAQDPoKBJ9Vlx214Z\nHGvecgqkc7/C+n1Efrtbtj4oSLjCe/MRjkkJ59Wcc73csdfJeZbpzfQ5/e0A2SGY\nmx6SIarhm3ln3irN3Tz/tToVWCDuaFBqrEdjlXOmycCTs0cqyNC3ngGIQQik1dEx\nCWcyQXDsQlHAHnypGMywnrIBAkZ03kXysbepWzS5EmmG4AMhiVbZ6pi+rY4vP/al\nAb3+APo/5KNTZW2iRNlYO/HdkcnY1lvK80MauAm/bwniFB/bozmGxgnKx1y05ogf\nnzQkLlkLsWHXFi7UV0N3hynzDD3jCAjP9H0GiAdYbC3uLXCg2Jwo6ls1kqE4Jq/H\nmMizP7qxAgMBAAECggEAKiEbpSYlmha7BzlfIeneAvSBqpyNIoLcnYVjI2VuJ/hi\nn+NRKrNiArbxhYCImpcTaimiLso5dvyX9pEzKM+wDssvXUYVRWRo5jHtsTsKo5WD\nC8IdUjWXG/bAHrg37pSE1V04Tl9z046XPe38hJQGx8nFMMh+3wjrL8NjtxSxGzFJ\nTFoSUs/M6j1aKXbuf/aVBoDakQEhy9+XRxlcFomYYmzWSsSIfUd/zXdGdPp/ifnw\nFxOmgSuwDBdfnpGissz4BTTPrYH4LsBxVxTdI6VG72N4hOOuttZSq0X7fUbX1Rwf\n8pE6ZkMpwRY8FMTl01vJi8dyisXiAywKQBBUA+R4CQKBgQDmqAM78fViTQsNaaVe\nZpjPon+DZpiVveJXRhUmVKCUBnrjkykTSoHbBnJJgIlfYARclsXKr813cnR/VUqt\nwVoOwrJTi9gu2Yrr6WWa0ONbCP0XVasCfjcM7O6nI7NvPX4t8rzJtN4tvs5RuG1N\nNDezhcWEGe/ShwAV3mnek9hi5wKBgQDmcNlmaGOh8nkClMuas9WYoxKCE5e1PMii\n0pxK97IfEnbJk5iUXnYVhIM9Kzs6hx1YFeGq/lY8/AUihMEa2UMlGk43zI0yikyN\n3BZ7F2oNXCzXuVuz+BV7AXo705NizaiPJ+OODxA6ARw9aIQQUogYlKXklFTnFPxM\ncVqTBt5apwKBgQDWattOz3eYIRykJFCJOADYDCxTf31avkD5dnnUvxjjYj687aFi\ngIHElPKLJ4UMd1q2o6ZM7C6p2mk3sZcRfUt1q0JQ7hBSRQKimb5NM+AWUX3NQmMN\nlz0fs+WK1GJKh7STjDI5o/xiNBzh1PsuqNsa9MEPM3lAkSTgL3jlYzTlgwKBgAkZ\nk7wzixuuE5FChvfI+jpY1jZEx8zkZZfocTuUpHgNpps3NONHB6q53OThfClHhKUh\n2BOEj6tA2IMQcv+4bKpea5BQh5LjWzqO4mRh/FIivbKXI0PsHA0LdeQ+6qcQMAPX\nM2k8twtTV+Yk5nIukClIVXS9Vsz5Sy1JnKYJs2YpAoGBAKlMsUZD1k16l3bZwo5p\nUncSb5Je64JgX1U/39a1eezPP/QGnVzgyqi0ZSBMmanYCKi9rsscbAeUJVD9jyob\nCtQxi2dslyniXlnRk7gpgOOTPlfTsGe476mJOLAzZ/UnlMfxQeCRef3pj/oyAIkR\nxMZPZiVfnvnHVj0bC46poO2A\n-----END PRIVATE KEY-----\n","clientEmail":"firebase-adminsdk-91wj3@apt-401b.iam.gserviceaccount.com","httpClient":{"retry":{"maxRetries":4,"statusCodes":[503],"ioErrorCodes":["ECONNRESET","ETIMEDOUT"],"backOffFactor":0.5,"maxDelayInMillis":60000}}},"databaseURL":"https://apt-401b.firebaseio.com"}
[debug] [2020-08-12T02:16:37.687Z] DEBUG: [runtime-status] [79020] Trigger "ringDoorbell" has been found, beginning invocation!
[debug] [2020-08-12T02:16:37.687Z] [functions] Beginning execution of "ringDoorbell"
[debug] [2020-08-12T02:16:37.688Z] DEBUG: [runtime-status] [79020] triggerDefinition {"httpsTrigger":{},"labels":{"deployment-callable":"true"},"name":"ringDoorbell","entryPoint":"ringDoorbell"}
[debug] [2020-08-12T02:16:37.688Z] DEBUG: [runtime-status] [79020] Running ringDoorbell in mode HTTPS
[debug] [2020-08-12T02:16:37.699Z] DEBUG: [runtime-status] [79020] Attempting to listen to socketPath: \\?\pipe\C:\Users\benfs\Documents\Benjamin\Apartment\apt\functions\79020
[debug] [2020-08-12T02:16:37.707Z] DEBUG: [functions] Runtime ready! Sending request!
[debug] [2020-08-12T02:16:37.749Z] DEBUG: [runtime-status] [79020] Ephemeral server handling POST request
[debug] [2020-08-12T02:16:37.754Z] DEBUG: [runtime-status] [79020] No callable functions auth found
[debug] [2020-08-12T02:16:37.781Z] DEBUG: [runtime-status] [79020] Ephemeral server survived.
[debug] [2020-08-12T02:16:37.788Z] [functions] Finished "ringDoorbell" in ~1s
[debug] [2020-08-12T02:16:37.789Z] DEBUG: [worker-ringDoorbell-1927f440-5404-4d6d-9848-5624845b49e1]: IDLE
[debug] [2020-08-12T02:16:37.789Z] [work-queue] {"queueLength":0,"workRunningCount":0}
[info] >  { Error: Invalid sender "<benjaminshen22+401b@gmail.com>" {"user":"{ Error: Invalid sender \"<benjaminshen22+401b@gmail.com>\"","metadata":{"emulator":{"name":"functions"},"function":{"name":"ringDoorbell"},"message":"\u001b[90m> \u001b[39m { Error: Invalid sender \"<benjaminshen22+401b@gmail.com>\""}}
[info] >      at SMTPConnection._formatError (C:\Users\benfs\Documents\Benjamin\Apartment\apt\functions\node_modules\nodemailer\lib\smtp-connection\index.js:784:19) {"user":"    at SMTPConnection._formatError (C:\\Users\\benfs\\Documents\\Benjamin\\Apartment\\apt\\functions\\node_modules\\nodemailer\\lib\\smtp-connection\\index.js:784:19)","metadata":{"emulator":{"name":"functions"},"function":{"name":"ringDoorbell"},"message":"\u001b[90m> \u001b[39m     at SMTPConnection._formatError (C:\\Users\\benfs\\Documents\\Benjamin\\Apartment\\apt\\functions\\node_modules\\nodemailer\\lib\\smtp-connection\\index.js:784:19)"}}
[info] >      at SMTPConnection._setEnvelope (C:\Users\benfs\Documents\Benjamin\Apartment\apt\functions\node_modules\nodemailer\lib\smtp-connection\index.js:999:34) {"user":"    at SMTPConnection._setEnvelope (C:\\Users\\benfs\\Documents\\Benjamin\\Apartment\\apt\\functions\\node_modules\\nodemailer\\lib\\smtp-connection\\index.js:999:34)","metadata":{"emulator":{"name":"functions"},"function":{"name":"ringDoorbell"},"message":"\u001b[90m> \u001b[39m     at SMTPConnection._setEnvelope (C:\\Users\\benfs\\Documents\\Benjamin\\Apartment\\apt\\functions\\node_modules\\nodemailer\\lib\\smtp-connection\\index.js:999:34)"}}
[info] >      at SMTPConnection.send (C:\Users\benfs\Documents\Benjamin\Apartment\apt\functions\node_modules\nodemailer\lib\smtp-connection\index.js:615:14) {"user":"    at SMTPConnection.send (C:\\Users\\benfs\\Documents\\Benjamin\\Apartment\\apt\\functions\\node_modules\\nodemailer\\lib\\smtp-connection\\index.js:615:14)","metadata":{"emulator":{"name":"functions"},"function":{"name":"ringDoorbell"},"message":"\u001b[90m> \u001b[39m     at SMTPConnection.send (C:\\Users\\benfs\\Documents\\Benjamin\\Apartment\\apt\\functions\\node_modules\\nodemailer\\lib\\smtp-connection\\index.js:615:14)"}}
[info] >      at sendMessage (C:\Users\benfs\Documents\Benjamin\Apartment\apt\functions\node_modules\nodemailer\lib\smtp-transport\index.js:227:28) {"user":"    at sendMessage (C:\\Users\\benfs\\Documents\\Benjamin\\Apartment\\apt\\functions\\node_modules\\nodemailer\\lib\\smtp-transport\\index.js:227:28)","metadata":{"emulator":{"name":"functions"},"function":{"name":"ringDoorbell"},"message":"\u001b[90m> \u001b[39m     at sendMessage (C:\\Users\\benfs\\Documents\\Benjamin\\Apartment\\apt\\functions\\node_modules\\nodemailer\\lib\\smtp-transport\\index.js:227:28)"}}
[info] >      at connection.login.err (C:\Users\benfs\Documents\Benjamin\Apartment\apt\functions\node_modules\nodemailer\lib\smtp-transport\index.js:285:25) {"user":"    at connection.login.err (C:\\Users\\benfs\\Documents\\Benjamin\\Apartment\\apt\\functions\\node_modules\\nodemailer\\lib\\smtp-transport\\index.js:285:25)","metadata":{"emulator":{"name":"functions"},"function":{"name":"ringDoorbell"},"message":"\u001b[90m> \u001b[39m     at connection.login.err (C:\\Users\\benfs\\Documents\\Benjamin\\Apartment\\apt\\functions\\node_modules\\nodemailer\\lib\\smtp-transport\\index.js:285:25)"}}
[info] >      at SMTPConnection._actionAUTHComplete (C:\Users\benfs\Documents\Benjamin\Apartment\apt\functions\node_modules\nodemailer\lib\smtp-connection\index.js:1537:9) {"user":"    at SMTPConnection._actionAUTHComplete (C:\\Users\\benfs\\Documents\\Benjamin\\Apartment\\apt\\functions\\node_modules\\nodemailer\\lib\\smtp-connection\\index.js:1537:9)","metadata":{"emulator":{"name":"functions"},"function":{"name":"ringDoorbell"},"message":"\u001b[90m> \u001b[39m     at SMTPConnection._actionAUTHComplete (C:\\Users\\benfs\\Documents\\Benjamin\\Apartment\\apt\\functions\\node_modules\\nodemailer\\lib\\smtp-connection\\index.js:1537:9)"}}
[info] >      at SMTPConnection._responseActions.push.str (C:\Users\benfs\Documents\Benjamin\Apartment\apt\functions\node_modules\nodemailer\lib\smtp-connection\index.js:550:26) {"user":"    at SMTPConnection._responseActions.push.str (C:\\Users\\benfs\\Documents\\Benjamin\\Apartment\\apt\\functions\\node_modules\\nodemailer\\lib\\smtp-connection\\index.js:550:26)","metadata":{"emulator":{"name":"functions"},"function":{"name":"ringDoorbell"},"message":"\u001b[90m> \u001b[39m     at SMTPConnection._responseActions.push.str (C:\\Users\\benfs\\Documents\\Benjamin\\Apartment\\apt\\functions\\node_modules\\nodemailer\\lib\\smtp-connection\\index.js:550:26)"}}
[info] >      at SMTPConnection._processResponse (C:\Users\benfs\Documents\Benjamin\Apartment\apt\functions\node_modules\nodemailer\lib\smtp-connection\index.js:942:20) {"user":"    at SMTPConnection._processResponse (C:\\Users\\benfs\\Documents\\Benjamin\\Apartment\\apt\\functions\\node_modules\\nodemailer\\lib\\smtp-connection\\index.js:942:20)","metadata":{"emulator":{"name":"functions"},"function":{"name":"ringDoorbell"},"message":"\u001b[90m> \u001b[39m     at SMTPConnection._processResponse (C:\\Users\\benfs\\Documents\\Benjamin\\Apartment\\apt\\functions\\node_modules\\nodemailer\\lib\\smtp-connection\\index.js:942:20)"}}
[info] >      at SMTPConnection._onData (C:\Users\benfs\Documents\Benjamin\Apartment\apt\functions\node_modules\nodemailer\lib\smtp-connection\index.js:749:14) {"user":"    at SMTPConnection._onData (C:\\Users\\benfs\\Documents\\Benjamin\\Apartment\\apt\\functions\\node_modules\\nodemailer\\lib\\smtp-connection\\index.js:749:14)","metadata":{"emulator":{"name":"functions"},"function":{"name":"ringDoorbell"},"message":"\u001b[90m> \u001b[39m     at SMTPConnection._onData (C:\\Users\\benfs\\Documents\\Benjamin\\Apartment\\apt\\functions\\node_modules\\nodemailer\\lib\\smtp-connection\\index.js:749:14)"}}
[info] >      at TLSSocket.SMTPConnection._onSocketData.chunk (C:\Users\benfs\Documents\Benjamin\Apartment\apt\functions\node_modules\nodemailer\lib\smtp-connection\index.js:195:44) code: 'EENVELOPE', command: 'API' } {"user":"    at TLSSocket.SMTPConnection._onSocketData.chunk (C:\\Users\\benfs\\Documents\\Benjamin\\Apartment\\apt\\functions\\node_modules\\nodemailer\\lib\\smtp-connection\\index.js:195:44) code: 'EENVELOPE', command: 'API' }","metadata":{"emulator":{"name":"functions"},"function":{"name":"ringDoorbell"},"message":"\u001b[90m> \u001b[39m     at TLSSocket.SMTPConnection._onSocketData.chunk (C:\\Users\\benfs\\Documents\\Benjamin\\Apartment\\apt\\functions\\node_modules\\nodemailer\\lib\\smtp-connection\\index.js:195:44) code: 'EENVELOPE', command: 'API' }"}}
[debug] [2020-08-12T02:16:49.863Z] DEBUG: File C:\Users\benfs\Documents\Benjamin\Apartment\apt\functions\src\email.js changed, reloading triggers
[debug] [2020-08-12T02:16:50.865Z] DEBUG: [worker-pool] Shutting down IDLE worker (~diagnostic~)
[debug] [2020-08-12T02:16:50.866Z] DEBUG: [worker-~diagnostic~-d963bc42-b84c-4e45-a71e-d686d4a0eec8]: FINISHING
[debug] [2020-08-12T02:16:50.866Z] DEBUG: [worker-pool] Shutting down IDLE worker (ringDoorbell)
[debug] [2020-08-12T02:16:50.866Z] DEBUG: [worker-ringDoorbell-58c96ba7-040e-42cf-8806-935f3de1e287]: FINISHING
[debug] [2020-08-12T02:16:50.867Z] DEBUG: [worker-pool] Shutting down IDLE worker (ringDoorbell)
[debug] [2020-08-12T02:16:50.867Z] DEBUG: [worker-ringDoorbell-1927f440-5404-4d6d-9848-5624845b49e1]: FINISHING
[debug] [2020-08-12T02:16:50.928Z] DEBUG: [worker-pool] addWorker(~diagnostic~)
[debug] [2020-08-12T02:16:50.928Z] DEBUG: [worker-pool] Adding worker with key ~diagnostic~, total=2
[debug] [2020-08-12T02:16:50.928Z] DEBUG: [worker-pool] submitWork(triggerId=)
[debug] [2020-08-12T02:16:50.929Z] DEBUG: [worker-~diagnostic~-11d61dd0-96b2-400a-a209-2d4d736dc9fe]: Assigning socketPath: \\?\pipe\C:\Users\benfs\Documents\Benjamin\Apartment\apt\functions\77356
[debug] [2020-08-12T02:16:50.929Z] DEBUG: [worker-~diagnostic~-11d61dd0-96b2-400a-a209-2d4d736dc9fe]: BUSY
[debug] [2020-08-12T02:16:50.931Z] DEBUG: [worker-~diagnostic~-d963bc42-b84c-4e45-a71e-d686d4a0eec8]: exited
[debug] [2020-08-12T02:16:50.931Z] DEBUG: [worker-~diagnostic~-d963bc42-b84c-4e45-a71e-d686d4a0eec8]: FINISHED
[debug] [2020-08-12T02:16:50.931Z] DEBUG: [worker-ringDoorbell-1927f440-5404-4d6d-9848-5624845b49e1]: exited
[debug] [2020-08-12T02:16:50.932Z] DEBUG: [worker-ringDoorbell-1927f440-5404-4d6d-9848-5624845b49e1]: FINISHED
[debug] [2020-08-12T02:16:50.932Z] DEBUG: [worker-ringDoorbell-58c96ba7-040e-42cf-8806-935f3de1e287]: exited
[debug] [2020-08-12T02:16:50.932Z] DEBUG: [worker-ringDoorbell-58c96ba7-040e-42cf-8806-935f3de1e287]: FINISHED
[debug] [2020-08-12T02:16:52.106Z] DEBUG: [runtime-status] [77356] Functions runtime initialized. {"cwd":"C:\\Users\\benfs\\Documents\\Benjamin\\Apartment\\apt\\functions","node_version":"10.16.3"}
[debug] [2020-08-12T02:16:52.111Z] DEBUG: [runtime-status] [77356] Disabled runtime features: undefined
[debug] [2020-08-12T02:16:52.120Z] DEBUG: [runtime-status] [77356] Resolved module firebase-admin {"declared":true,"installed":true,"version":"8.13.0","resolution":"C:\\Users\\benfs\\Documents\\Benjamin\\Apartment\\apt\\functions\\node_modules\\firebase-admin\\lib\\index.js"}
[debug] [2020-08-12T02:16:52.125Z] DEBUG: [runtime-status] [77356] Resolved module firebase-functions {"declared":true,"installed":true,"version":"3.9.0","resolution":"C:\\Users\\benfs\\Documents\\Benjamin\\Apartment\\apt\\functions\\node_modules\\firebase-functions\\lib\\index.js"}
[debug] [2020-08-12T02:16:52.136Z] DEBUG: [runtime-status] [77356] Outgoing network have been stubbed. [{"name":"http","status":"mocked"},{"name":"http","status":"mocked"},{"name":"https","status":"mocked"},{"name":"https","status":"mocked"},{"name":"net","status":"mocked"}]
[debug] [2020-08-12T02:16:52.138Z] DEBUG: [runtime-status] [77356] Resolved module firebase-functions {"declared":true,"installed":true,"version":"3.9.0","resolution":"C:\\Users\\benfs\\Documents\\Benjamin\\Apartment\\apt\\functions\\node_modules\\firebase-functions\\lib\\index.js"}
[debug] [2020-08-12T02:16:52.285Z] DEBUG: [runtime-status] [77356] Checked functions.config() {"config":{}}
[debug] [2020-08-12T02:16:52.286Z] DEBUG: [runtime-status] [77356] firebase-functions has been stubbed. {"functionsResolution":{"declared":true,"installed":true,"version":"3.9.0","resolution":"C:\\Users\\benfs\\Documents\\Benjamin\\Apartment\\apt\\functions\\node_modules\\firebase-functions\\lib\\index.js"}}
[debug] [2020-08-12T02:16:52.287Z] DEBUG: [runtime-status] [77356] Resolved module firebase-functions {"declared":true,"installed":true,"version":"3.9.0","resolution":"C:\\Users\\benfs\\Documents\\Benjamin\\Apartment\\apt\\functions\\node_modules\\firebase-functions\\lib\\index.js"}
[debug] [2020-08-12T02:16:52.290Z] DEBUG: [runtime-status] [77356] Resolved module firebase-admin {"declared":true,"installed":true,"version":"8.13.0","resolution":"C:\\Users\\benfs\\Documents\\Benjamin\\Apartment\\apt\\functions\\node_modules\\firebase-admin\\lib\\index.js"}
[debug] [2020-08-12T02:16:52.292Z] DEBUG: [runtime-status] [77356] Resolved module firebase-functions {"declared":true,"installed":true,"version":"3.9.0","resolution":"C:\\Users\\benfs\\Documents\\Benjamin\\Apartment\\apt\\functions\\node_modules\\firebase-functions\\lib\\index.js"}
[debug] [2020-08-12T02:16:52.292Z] DEBUG: [runtime-status] [77356] firebase-admin has been stubbed. {"adminResolution":{"declared":true,"installed":true,"version":"8.13.0","resolution":"C:\\Users\\benfs\\Documents\\Benjamin\\Apartment\\apt\\functions\\node_modules\\firebase-admin\\lib\\index.js"}}
[debug] [2020-08-12T02:16:52.545Z] DEBUG: [runtime-status] [77356] initializeApp(DEFAULT) {"credential":{"implicit":false,"projectId":"apt-401b","privateKey":"-----BEGIN PRIVATE KEY-----\nMIIEvgIBADANBgkqhkiG9w0BAQEFAASCBKgwggSkAgEAAoIBAQDPoKBJ9Vlx214Z\nHGvecgqkc7/C+n1Efrtbtj4oSLjCe/MRjkkJ59Wcc73csdfJeZbpzfQ5/e0A2SGY\nmx6SIarhm3ln3irN3Tz/tToVWCDuaFBqrEdjlXOmycCTs0cqyNC3ngGIQQik1dEx\nCWcyQXDsQlHAHnypGMywnrIBAkZ03kXysbepWzS5EmmG4AMhiVbZ6pi+rY4vP/al\nAb3+APo/5KNTZW2iRNlYO/HdkcnY1lvK80MauAm/bwniFB/bozmGxgnKx1y05ogf\nnzQkLlkLsWHXFi7UV0N3hynzDD3jCAjP9H0GiAdYbC3uLXCg2Jwo6ls1kqE4Jq/H\nmMizP7qxAgMBAAECggEAKiEbpSYlmha7BzlfIeneAvSBqpyNIoLcnYVjI2VuJ/hi\nn+NRKrNiArbxhYCImpcTaimiLso5dvyX9pEzKM+wDssvXUYVRWRo5jHtsTsKo5WD\nC8IdUjWXG/bAHrg37pSE1V04Tl9z046XPe38hJQGx8nFMMh+3wjrL8NjtxSxGzFJ\nTFoSUs/M6j1aKXbuf/aVBoDakQEhy9+XRxlcFomYYmzWSsSIfUd/zXdGdPp/ifnw\nFxOmgSuwDBdfnpGissz4BTTPrYH4LsBxVxTdI6VG72N4hOOuttZSq0X7fUbX1Rwf\n8pE6ZkMpwRY8FMTl01vJi8dyisXiAywKQBBUA+R4CQKBgQDmqAM78fViTQsNaaVe\nZpjPon+DZpiVveJXRhUmVKCUBnrjkykTSoHbBnJJgIlfYARclsXKr813cnR/VUqt\nwVoOwrJTi9gu2Yrr6WWa0ONbCP0XVasCfjcM7O6nI7NvPX4t8rzJtN4tvs5RuG1N\nNDezhcWEGe/ShwAV3mnek9hi5wKBgQDmcNlmaGOh8nkClMuas9WYoxKCE5e1PMii\n0pxK97IfEnbJk5iUXnYVhIM9Kzs6hx1YFeGq/lY8/AUihMEa2UMlGk43zI0yikyN\n3BZ7F2oNXCzXuVuz+BV7AXo705NizaiPJ+OODxA6ARw9aIQQUogYlKXklFTnFPxM\ncVqTBt5apwKBgQDWattOz3eYIRykJFCJOADYDCxTf31avkD5dnnUvxjjYj687aFi\ngIHElPKLJ4UMd1q2o6ZM7C6p2mk3sZcRfUt1q0JQ7hBSRQKimb5NM+AWUX3NQmMN\nlz0fs+WK1GJKh7STjDI5o/xiNBzh1PsuqNsa9MEPM3lAkSTgL3jlYzTlgwKBgAkZ\nk7wzixuuE5FChvfI+jpY1jZEx8zkZZfocTuUpHgNpps3NONHB6q53OThfClHhKUh\n2BOEj6tA2IMQcv+4bKpea5BQh5LjWzqO4mRh/FIivbKXI0PsHA0LdeQ+6qcQMAPX\nM2k8twtTV+Yk5nIukClIVXS9Vsz5Sy1JnKYJs2YpAoGBAKlMsUZD1k16l3bZwo5p\nUncSb5Je64JgX1U/39a1eezPP/QGnVzgyqi0ZSBMmanYCKi9rsscbAeUJVD9jyob\nCtQxi2dslyniXlnRk7gpgOOTPlfTsGe476mJOLAzZ/UnlMfxQeCRef3pj/oyAIkR\nxMZPZiVfnvnHVj0bC46poO2A\n-----END PRIVATE KEY-----\n","clientEmail":"firebase-adminsdk-91wj3@apt-401b.iam.gserviceaccount.com","httpClient":{"retry":{"maxRetries":4,"statusCodes":[503],"ioErrorCodes":["ECONNRESET","ETIMEDOUT"],"backOffFactor":0.5,"maxDelayInMillis":60000}}},"databaseURL":"https://apt-401b.firebaseio.com"}
[debug] [2020-08-12T02:16:52.548Z] DEBUG: [worker-~diagnostic~-11d61dd0-96b2-400a-a209-2d4d736dc9fe]: IDLE
[debug] [2020-08-12T02:16:56.408Z] DEBUG: File C:\Users\benfs\Documents\Benjamin\Apartment\apt\functions\src\email.js changed, reloading triggers
[debug] [2020-08-12T02:16:57.410Z] DEBUG: [worker-pool] Shutting down IDLE worker (~diagnostic~)
[debug] [2020-08-12T02:16:57.411Z] DEBUG: [worker-~diagnostic~-11d61dd0-96b2-400a-a209-2d4d736dc9fe]: FINISHING
[debug] [2020-08-12T02:16:57.411Z] DEBUG: [worker-pool] Cleaned up workers for ~diagnostic~: 2 --> 1
[debug] [2020-08-12T02:16:57.411Z] DEBUG: [worker-pool] Cleaned up workers for ringDoorbell: 2 --> 0
[debug] [2020-08-12T02:16:57.470Z] DEBUG: [worker-pool] addWorker(~diagnostic~)
[debug] [2020-08-12T02:16:57.470Z] DEBUG: [worker-pool] Adding worker with key ~diagnostic~, total=2
[debug] [2020-08-12T02:16:57.470Z] DEBUG: [worker-pool] submitWork(triggerId=)
[debug] [2020-08-12T02:16:57.470Z] DEBUG: [worker-~diagnostic~-8ea558ef-ad0f-4be0-8b44-5336cc31899c]: Assigning socketPath: \\?\pipe\C:\Users\benfs\Documents\Benjamin\Apartment\apt\functions\29576
[debug] [2020-08-12T02:16:57.470Z] DEBUG: [worker-~diagnostic~-8ea558ef-ad0f-4be0-8b44-5336cc31899c]: BUSY
[debug] [2020-08-12T02:16:57.471Z] DEBUG: [worker-~diagnostic~-11d61dd0-96b2-400a-a209-2d4d736dc9fe]: exited
[debug] [2020-08-12T02:16:57.471Z] DEBUG: [worker-~diagnostic~-11d61dd0-96b2-400a-a209-2d4d736dc9fe]: FINISHED
[debug] [2020-08-12T02:16:58.728Z] DEBUG: [runtime-status] [29576] Functions runtime initialized. {"cwd":"C:\\Users\\benfs\\Documents\\Benjamin\\Apartment\\apt\\functions","node_version":"10.16.3"}
[debug] [2020-08-12T02:16:58.733Z] DEBUG: [runtime-status] [29576] Disabled runtime features: undefined
[debug] [2020-08-12T02:16:58.743Z] DEBUG: [runtime-status] [29576] Resolved module firebase-admin {"declared":true,"installed":true,"version":"8.13.0","resolution":"C:\\Users\\benfs\\Documents\\Benjamin\\Apartment\\apt\\functions\\node_modules\\firebase-admin\\lib\\index.js"}
[debug] [2020-08-12T02:16:58.747Z] DEBUG: [runtime-status] [29576] Resolved module firebase-functions {"declared":true,"installed":true,"version":"3.9.0","resolution":"C:\\Users\\benfs\\Documents\\Benjamin\\Apartment\\apt\\functions\\node_modules\\firebase-functions\\lib\\index.js"}
[debug] [2020-08-12T02:16:58.756Z] DEBUG: [runtime-status] [29576] Outgoing network have been stubbed. [{"name":"http","status":"mocked"},{"name":"http","status":"mocked"},{"name":"https","status":"mocked"},{"name":"https","status":"mocked"},{"name":"net","status":"mocked"}]
[debug] [2020-08-12T02:16:58.759Z] DEBUG: [runtime-status] [29576] Resolved module firebase-functions {"declared":true,"installed":true,"version":"3.9.0","resolution":"C:\\Users\\benfs\\Documents\\Benjamin\\Apartment\\apt\\functions\\node_modules\\firebase-functions\\lib\\index.js"}
[debug] [2020-08-12T02:16:58.875Z] DEBUG: [runtime-status] [29576] Checked functions.config() {"config":{}}
[debug] [2020-08-12T02:16:58.875Z] DEBUG: [runtime-status] [29576] firebase-functions has been stubbed. {"functionsResolution":{"declared":true,"installed":true,"version":"3.9.0","resolution":"C:\\Users\\benfs\\Documents\\Benjamin\\Apartment\\apt\\functions\\node_modules\\firebase-functions\\lib\\index.js"}}
[debug] [2020-08-12T02:16:58.877Z] DEBUG: [runtime-status] [29576] Resolved module firebase-functions {"declared":true,"installed":true,"version":"3.9.0","resolution":"C:\\Users\\benfs\\Documents\\Benjamin\\Apartment\\apt\\functions\\node_modules\\firebase-functions\\lib\\index.js"}
[debug] [2020-08-12T02:16:58.880Z] DEBUG: [runtime-status] [29576] Resolved module firebase-admin {"declared":true,"installed":true,"version":"8.13.0","resolution":"C:\\Users\\benfs\\Documents\\Benjamin\\Apartment\\apt\\functions\\node_modules\\firebase-admin\\lib\\index.js"}
[debug] [2020-08-12T02:16:58.881Z] DEBUG: [runtime-status] [29576] Resolved module firebase-functions {"declared":true,"installed":true,"version":"3.9.0","resolution":"C:\\Users\\benfs\\Documents\\Benjamin\\Apartment\\apt\\functions\\node_modules\\firebase-functions\\lib\\index.js"}
[debug] [2020-08-12T02:16:58.882Z] DEBUG: [runtime-status] [29576] firebase-admin has been stubbed. {"adminResolution":{"declared":true,"installed":true,"version":"8.13.0","resolution":"C:\\Users\\benfs\\Documents\\Benjamin\\Apartment\\apt\\functions\\node_modules\\firebase-admin\\lib\\index.js"}}
[debug] [2020-08-12T02:16:59.137Z] DEBUG: [runtime-status] [29576] initializeApp(DEFAULT) {"credential":{"implicit":false,"projectId":"apt-401b","privateKey":"-----BEGIN PRIVATE KEY-----\nMIIEvgIBADANBgkqhkiG9w0BAQEFAASCBKgwggSkAgEAAoIBAQDPoKBJ9Vlx214Z\nHGvecgqkc7/C+n1Efrtbtj4oSLjCe/MRjkkJ59Wcc73csdfJeZbpzfQ5/e0A2SGY\nmx6SIarhm3ln3irN3Tz/tToVWCDuaFBqrEdjlXOmycCTs0cqyNC3ngGIQQik1dEx\nCWcyQXDsQlHAHnypGMywnrIBAkZ03kXysbepWzS5EmmG4AMhiVbZ6pi+rY4vP/al\nAb3+APo/5KNTZW2iRNlYO/HdkcnY1lvK80MauAm/bwniFB/bozmGxgnKx1y05ogf\nnzQkLlkLsWHXFi7UV0N3hynzDD3jCAjP9H0GiAdYbC3uLXCg2Jwo6ls1kqE4Jq/H\nmMizP7qxAgMBAAECggEAKiEbpSYlmha7BzlfIeneAvSBqpyNIoLcnYVjI2VuJ/hi\nn+NRKrNiArbxhYCImpcTaimiLso5dvyX9pEzKM+wDssvXUYVRWRo5jHtsTsKo5WD\nC8IdUjWXG/bAHrg37pSE1V04Tl9z046XPe38hJQGx8nFMMh+3wjrL8NjtxSxGzFJ\nTFoSUs/M6j1aKXbuf/aVBoDakQEhy9+XRxlcFomYYmzWSsSIfUd/zXdGdPp/ifnw\nFxOmgSuwDBdfnpGissz4BTTPrYH4LsBxVxTdI6VG72N4hOOuttZSq0X7fUbX1Rwf\n8pE6ZkMpwRY8FMTl01vJi8dyisXiAywKQBBUA+R4CQKBgQDmqAM78fViTQsNaaVe\nZpjPon+DZpiVveJXRhUmVKCUBnrjkykTSoHbBnJJgIlfYARclsXKr813cnR/VUqt\nwVoOwrJTi9gu2Yrr6WWa0ONbCP0XVasCfjcM7O6nI7NvPX4t8rzJtN4tvs5RuG1N\nNDezhcWEGe/ShwAV3mnek9hi5wKBgQDmcNlmaGOh8nkClMuas9WYoxKCE5e1PMii\n0pxK97IfEnbJk5iUXnYVhIM9Kzs6hx1YFeGq/lY8/AUihMEa2UMlGk43zI0yikyN\n3BZ7F2oNXCzXuVuz+BV7AXo705NizaiPJ+OODxA6ARw9aIQQUogYlKXklFTnFPxM\ncVqTBt5apwKBgQDWattOz3eYIRykJFCJOADYDCxTf31avkD5dnnUvxjjYj687aFi\ngIHElPKLJ4UMd1q2o6ZM7C6p2mk3sZcRfUt1q0JQ7hBSRQKimb5NM+AWUX3NQmMN\nlz0fs+WK1GJKh7STjDI5o/xiNBzh1PsuqNsa9MEPM3lAkSTgL3jlYzTlgwKBgAkZ\nk7wzixuuE5FChvfI+jpY1jZEx8zkZZfocTuUpHgNpps3NONHB6q53OThfClHhKUh\n2BOEj6tA2IMQcv+4bKpea5BQh5LjWzqO4mRh/FIivbKXI0PsHA0LdeQ+6qcQMAPX\nM2k8twtTV+Yk5nIukClIVXS9Vsz5Sy1JnKYJs2YpAoGBAKlMsUZD1k16l3bZwo5p\nUncSb5Je64JgX1U/39a1eezPP/QGnVzgyqi0ZSBMmanYCKi9rsscbAeUJVD9jyob\nCtQxi2dslyniXlnRk7gpgOOTPlfTsGe476mJOLAzZ/UnlMfxQeCRef3pj/oyAIkR\nxMZPZiVfnvnHVj0bC46poO2A\n-----END PRIVATE KEY-----\n","clientEmail":"firebase-adminsdk-91wj3@apt-401b.iam.gserviceaccount.com","httpClient":{"retry":{"maxRetries":4,"statusCodes":[503],"ioErrorCodes":["ECONNRESET","ETIMEDOUT"],"backOffFactor":0.5,"maxDelayInMillis":60000}}},"databaseURL":"https://apt-401b.firebaseio.com"}
[debug] [2020-08-12T02:16:59.140Z] DEBUG: [worker-~diagnostic~-8ea558ef-ad0f-4be0-8b44-5336cc31899c]: IDLE
[debug] [2020-08-12T02:17:04.541Z] DEBUG: File C:\Users\benfs\Documents\Benjamin\Apartment\apt\functions\src\email.js changed, reloading triggers
[debug] [2020-08-12T02:17:05.542Z] DEBUG: [worker-pool] Shutting down IDLE worker (~diagnostic~)
[debug] [2020-08-12T02:17:05.542Z] DEBUG: [worker-~diagnostic~-8ea558ef-ad0f-4be0-8b44-5336cc31899c]: FINISHING
[debug] [2020-08-12T02:17:05.543Z] DEBUG: [worker-pool] Cleaned up workers for ~diagnostic~: 2 --> 1
[debug] [2020-08-12T02:17:05.605Z] DEBUG: [worker-pool] addWorker(~diagnostic~)
[debug] [2020-08-12T02:17:05.606Z] DEBUG: [worker-pool] Adding worker with key ~diagnostic~, total=2
[debug] [2020-08-12T02:17:05.606Z] DEBUG: [worker-pool] submitWork(triggerId=)
[debug] [2020-08-12T02:17:05.606Z] DEBUG: [worker-~diagnostic~-b1762253-1517-4196-b28d-20775809a92c]: Assigning socketPath: \\?\pipe\C:\Users\benfs\Documents\Benjamin\Apartment\apt\functions\27804
[debug] [2020-08-12T02:17:05.606Z] DEBUG: [worker-~diagnostic~-b1762253-1517-4196-b28d-20775809a92c]: BUSY
[debug] [2020-08-12T02:17:05.607Z] DEBUG: [worker-~diagnostic~-8ea558ef-ad0f-4be0-8b44-5336cc31899c]: exited
[debug] [2020-08-12T02:17:05.607Z] DEBUG: [worker-~diagnostic~-8ea558ef-ad0f-4be0-8b44-5336cc31899c]: FINISHED
[debug] [2020-08-12T02:17:06.787Z] DEBUG: [runtime-status] [27804] Functions runtime initialized. {"cwd":"C:\\Users\\benfs\\Documents\\Benjamin\\Apartment\\apt\\functions","node_version":"10.16.3"}
[debug] [2020-08-12T02:17:06.791Z] DEBUG: [runtime-status] [27804] Disabled runtime features: undefined
[debug] [2020-08-12T02:17:06.799Z] DEBUG: [runtime-status] [27804] Resolved module firebase-admin {"declared":true,"installed":true,"version":"8.13.0","resolution":"C:\\Users\\benfs\\Documents\\Benjamin\\Apartment\\apt\\functions\\node_modules\\firebase-admin\\lib\\index.js"}
[debug] [2020-08-12T02:17:06.802Z] DEBUG: [runtime-status] [27804] Resolved module firebase-functions {"declared":true,"installed":true,"version":"3.9.0","resolution":"C:\\Users\\benfs\\Documents\\Benjamin\\Apartment\\apt\\functions\\node_modules\\firebase-functions\\lib\\index.js"}
[debug] [2020-08-12T02:17:06.810Z] DEBUG: [runtime-status] [27804] Outgoing network have been stubbed. [{"name":"http","status":"mocked"},{"name":"http","status":"mocked"},{"name":"https","status":"mocked"},{"name":"https","status":"mocked"},{"name":"net","status":"mocked"}]
[debug] [2020-08-12T02:17:06.812Z] DEBUG: [runtime-status] [27804] Resolved module firebase-functions {"declared":true,"installed":true,"version":"3.9.0","resolution":"C:\\Users\\benfs\\Documents\\Benjamin\\Apartment\\apt\\functions\\node_modules\\firebase-functions\\lib\\index.js"}
[debug] [2020-08-12T02:17:06.912Z] DEBUG: [runtime-status] [27804] Checked functions.config() {"config":{}}
[debug] [2020-08-12T02:17:06.912Z] DEBUG: [runtime-status] [27804] firebase-functions has been stubbed. {"functionsResolution":{"declared":true,"installed":true,"version":"3.9.0","resolution":"C:\\Users\\benfs\\Documents\\Benjamin\\Apartment\\apt\\functions\\node_modules\\firebase-functions\\lib\\index.js"}}
[debug] [2020-08-12T02:17:06.913Z] DEBUG: [runtime-status] [27804] Resolved module firebase-functions {"declared":true,"installed":true,"version":"3.9.0","resolution":"C:\\Users\\benfs\\Documents\\Benjamin\\Apartment\\apt\\functions\\node_modules\\firebase-functions\\lib\\index.js"}
[debug] [2020-08-12T02:17:06.915Z] DEBUG: [runtime-status] [27804] Resolved module firebase-admin {"declared":true,"installed":true,"version":"8.13.0","resolution":"C:\\Users\\benfs\\Documents\\Benjamin\\Apartment\\apt\\functions\\node_modules\\firebase-admin\\lib\\index.js"}
[debug] [2020-08-12T02:17:06.916Z] DEBUG: [runtime-status] [27804] Resolved module firebase-functions {"declared":true,"installed":true,"version":"3.9.0","resolution":"C:\\Users\\benfs\\Documents\\Benjamin\\Apartment\\apt\\functions\\node_modules\\firebase-functions\\lib\\index.js"}
[debug] [2020-08-12T02:17:06.917Z] DEBUG: [runtime-status] [27804] firebase-admin has been stubbed. {"adminResolution":{"declared":true,"installed":true,"version":"8.13.0","resolution":"C:\\Users\\benfs\\Documents\\Benjamin\\Apartment\\apt\\functions\\node_modules\\firebase-admin\\lib\\index.js"}}
[debug] [2020-08-12T02:17:07.129Z] DEBUG: [runtime-status] [27804] initializeApp(DEFAULT) {"credential":{"implicit":false,"projectId":"apt-401b","privateKey":"-----BEGIN PRIVATE KEY-----\nMIIEvgIBADANBgkqhkiG9w0BAQEFAASCBKgwggSkAgEAAoIBAQDPoKBJ9Vlx214Z\nHGvecgqkc7/C+n1Efrtbtj4oSLjCe/MRjkkJ59Wcc73csdfJeZbpzfQ5/e0A2SGY\nmx6SIarhm3ln3irN3Tz/tToVWCDuaFBqrEdjlXOmycCTs0cqyNC3ngGIQQik1dEx\nCWcyQXDsQlHAHnypGMywnrIBAkZ03kXysbepWzS5EmmG4AMhiVbZ6pi+rY4vP/al\nAb3+APo/5KNTZW2iRNlYO/HdkcnY1lvK80MauAm/bwniFB/bozmGxgnKx1y05ogf\nnzQkLlkLsWHXFi7UV0N3hynzDD3jCAjP9H0GiAdYbC3uLXCg2Jwo6ls1kqE4Jq/H\nmMizP7qxAgMBAAECggEAKiEbpSYlmha7BzlfIeneAvSBqpyNIoLcnYVjI2VuJ/hi\nn+NRKrNiArbxhYCImpcTaimiLso5dvyX9pEzKM+wDssvXUYVRWRo5jHtsTsKo5WD\nC8IdUjWXG/bAHrg37pSE1V04Tl9z046XPe38hJQGx8nFMMh+3wjrL8NjtxSxGzFJ\nTFoSUs/M6j1aKXbuf/aVBoDakQEhy9+XRxlcFomYYmzWSsSIfUd/zXdGdPp/ifnw\nFxOmgSuwDBdfnpGissz4BTTPrYH4LsBxVxTdI6VG72N4hOOuttZSq0X7fUbX1Rwf\n8pE6ZkMpwRY8FMTl01vJi8dyisXiAywKQBBUA+R4CQKBgQDmqAM78fViTQsNaaVe\nZpjPon+DZpiVveJXRhUmVKCUBnrjkykTSoHbBnJJgIlfYARclsXKr813cnR/VUqt\nwVoOwrJTi9gu2Yrr6WWa0ONbCP0XVasCfjcM7O6nI7NvPX4t8rzJtN4tvs5RuG1N\nNDezhcWEGe/ShwAV3mnek9hi5wKBgQDmcNlmaGOh8nkClMuas9WYoxKCE5e1PMii\n0pxK97IfEnbJk5iUXnYVhIM9Kzs6hx1YFeGq/lY8/AUihMEa2UMlGk43zI0yikyN\n3BZ7F2oNXCzXuVuz+BV7AXo705NizaiPJ+OODxA6ARw9aIQQUogYlKXklFTnFPxM\ncVqTBt5apwKBgQDWattOz3eYIRykJFCJOADYDCxTf31avkD5dnnUvxjjYj687aFi\ngIHElPKLJ4UMd1q2o6ZM7C6p2mk3sZcRfUt1q0JQ7hBSRQKimb5NM+AWUX3NQmMN\nlz0fs+WK1GJKh7STjDI5o/xiNBzh1PsuqNsa9MEPM3lAkSTgL3jlYzTlgwKBgAkZ\nk7wzixuuE5FChvfI+jpY1jZEx8zkZZfocTuUpHgNpps3NONHB6q53OThfClHhKUh\n2BOEj6tA2IMQcv+4bKpea5BQh5LjWzqO4mRh/FIivbKXI0PsHA0LdeQ+6qcQMAPX\nM2k8twtTV+Yk5nIukClIVXS9Vsz5Sy1JnKYJs2YpAoGBAKlMsUZD1k16l3bZwo5p\nUncSb5Je64JgX1U/39a1eezPP/QGnVzgyqi0ZSBMmanYCKi9rsscbAeUJVD9jyob\nCtQxi2dslyniXlnRk7gpgOOTPlfTsGe476mJOLAzZ/UnlMfxQeCRef3pj/oyAIkR\nxMZPZiVfnvnHVj0bC46poO2A\n-----END PRIVATE KEY-----\n","clientEmail":"firebase-adminsdk-91wj3@apt-401b.iam.gserviceaccount.com","httpClient":{"retry":{"maxRetries":4,"statusCodes":[503],"ioErrorCodes":["ECONNRESET","ETIMEDOUT"],"backOffFactor":0.5,"maxDelayInMillis":60000}}},"databaseURL":"https://apt-401b.firebaseio.com"}
[debug] [2020-08-12T02:17:07.132Z] DEBUG: [worker-~diagnostic~-b1762253-1517-4196-b28d-20775809a92c]: IDLE
[debug] [2020-08-12T02:17:12.434Z] DEBUG: [worker-~diagnostic~-b1762253-1517-4196-b28d-20775809a92c]: exited
[debug] [2020-08-12T02:17:12.434Z] DEBUG: [worker-~diagnostic~-b1762253-1517-4196-b28d-20775809a92c]: FINISHED
[debug] [2020-08-12T02:17:19.795Z] ----------------------------------------------------------------------
[debug] [2020-08-12T02:17:19.799Z] Command:       C:\Program Files\nodejs\node.exe C:\Users\benfs\AppData\Roaming\npm\node_modules\firebase-tools\lib\bin\firebase.js functions:shell
[debug] [2020-08-12T02:17:19.800Z] CLI Version:   8.5.0
[debug] [2020-08-12T02:17:19.800Z] Platform:      win32
[debug] [2020-08-12T02:17:19.800Z] Node Version:  v10.16.3
[debug] [2020-08-12T02:17:19.802Z] Time:          Tue Aug 11 2020 22:17:19 GMT-0400 (Eastern Daylight Time)
[debug] [2020-08-12T02:17:19.802Z] ----------------------------------------------------------------------
[debug] [2020-08-12T02:17:19.803Z] 
[debug] [2020-08-12T02:17:19.828Z] > command requires scopes: ["email","openid","https://www.googleapis.com/auth/cloudplatformprojects.readonly","https://www.googleapis.com/auth/firebase","https://www.googleapis.com/auth/cloud-platform"]
[debug] [2020-08-12T02:17:19.829Z] > authorizing via signed-in user
[debug] [2020-08-12T02:17:19.830Z] [iam] checking project apt-401b for permissions ["firebase.projects.get"]
[debug] [2020-08-12T02:17:19.836Z] >>> HTTP REQUEST POST https://cloudresourcemanager.googleapis.com/v1/projects/apt-401b:testIamPermissions  
 {"permissions":["firebase.projects.get"]}
[debug] [2020-08-12T02:17:20.163Z] <<< HTTP RESPONSE 200 {"content-type":"application/json; charset=UTF-8","vary":"X-Origin, Referer, Origin,Accept-Encoding","date":"Wed, 12 Aug 2020 02:17:17 GMT","server":"ESF","cache-control":"private","x-xss-protection":"0","x-frame-options":"SAMEORIGIN","x-content-type-options":"nosniff","server-timing":"gfet4t7; dur=50","alt-svc":"h3-29=\":443\"; ma=2592000,h3-27=\":443\"; ma=2592000,h3-T050=\":443\"; ma=2592000,h3-Q050=\":443\"; ma=2592000,h3-Q046=\":443\"; ma=2592000,h3-Q043=\":443\"; ma=2592000,quic=\":443\"; ma=2592000; v=\"46,43\"","accept-ranges":"none","transfer-encoding":"chunked"}
[debug] [2020-08-12T02:17:22.190Z] [functions] Using node@10 from host.
[debug] [2020-08-12T02:17:22.207Z] [functions] Watching "C:\Users\benfs\Documents\Benjamin\Apartment\apt\functions" for Cloud Functions...
[debug] [2020-08-12T02:17:22.291Z] DEBUG: [worker-pool] addWorker(~diagnostic~)
[debug] [2020-08-12T02:17:22.292Z] DEBUG: [worker-pool] Adding worker with key ~diagnostic~, total=1
[debug] [2020-08-12T02:17:22.293Z] DEBUG: [worker-pool] submitWork(triggerId=)
[debug] [2020-08-12T02:17:22.294Z] DEBUG: [worker-~diagnostic~-ed904b2d-1eec-4e56-b947-009ab01a154d]: Assigning socketPath: \\?\pipe\C:\Users\benfs\Documents\Benjamin\Apartment\apt\functions\13208
[debug] [2020-08-12T02:17:22.295Z] DEBUG: [worker-~diagnostic~-ed904b2d-1eec-4e56-b947-009ab01a154d]: BUSY
[debug] [2020-08-12T02:17:23.352Z] DEBUG: [runtime-status] [13208] Functions runtime initialized. {"cwd":"C:\\Users\\benfs\\Documents\\Benjamin\\Apartment\\apt\\functions","node_version":"10.16.3"}
[debug] [2020-08-12T02:17:23.354Z] DEBUG: [runtime-status] [13208] Disabled runtime features: undefined
[debug] [2020-08-12T02:17:23.362Z] DEBUG: [runtime-status] [13208] Resolved module firebase-admin {"declared":true,"installed":true,"version":"8.13.0","resolution":"C:\\Users\\benfs\\Documents\\Benjamin\\Apartment\\apt\\functions\\node_modules\\firebase-admin\\lib\\index.js"}
[debug] [2020-08-12T02:17:23.365Z] DEBUG: [runtime-status] [13208] Resolved module firebase-functions {"declared":true,"installed":true,"version":"3.9.0","resolution":"C:\\Users\\benfs\\Documents\\Benjamin\\Apartment\\apt\\functions\\node_modules\\firebase-functions\\lib\\index.js"}
[debug] [2020-08-12T02:17:23.374Z] DEBUG: [runtime-status] [13208] Outgoing network have been stubbed. [{"name":"http","status":"mocked"},{"name":"http","status":"mocked"},{"name":"https","status":"mocked"},{"name":"https","status":"mocked"},{"name":"net","status":"mocked"}]
[debug] [2020-08-12T02:17:23.376Z] DEBUG: [runtime-status] [13208] Resolved module firebase-functions {"declared":true,"installed":true,"version":"3.9.0","resolution":"C:\\Users\\benfs\\Documents\\Benjamin\\Apartment\\apt\\functions\\node_modules\\firebase-functions\\lib\\index.js"}
[debug] [2020-08-12T02:17:23.494Z] DEBUG: [runtime-status] [13208] Checked functions.config() {"config":{}}
[debug] [2020-08-12T02:17:23.495Z] DEBUG: [runtime-status] [13208] firebase-functions has been stubbed. {"functionsResolution":{"declared":true,"installed":true,"version":"3.9.0","resolution":"C:\\Users\\benfs\\Documents\\Benjamin\\Apartment\\apt\\functions\\node_modules\\firebase-functions\\lib\\index.js"}}
[debug] [2020-08-12T02:17:23.496Z] DEBUG: [runtime-status] [13208] Resolved module firebase-functions {"declared":true,"installed":true,"version":"3.9.0","resolution":"C:\\Users\\benfs\\Documents\\Benjamin\\Apartment\\apt\\functions\\node_modules\\firebase-functions\\lib\\index.js"}
[debug] [2020-08-12T02:17:23.498Z] DEBUG: [runtime-status] [13208] Resolved module firebase-admin {"declared":true,"installed":true,"version":"8.13.0","resolution":"C:\\Users\\benfs\\Documents\\Benjamin\\Apartment\\apt\\functions\\node_modules\\firebase-admin\\lib\\index.js"}
[debug] [2020-08-12T02:17:23.499Z] DEBUG: [runtime-status] [13208] Resolved module firebase-functions {"declared":true,"installed":true,"version":"3.9.0","resolution":"C:\\Users\\benfs\\Documents\\Benjamin\\Apartment\\apt\\functions\\node_modules\\firebase-functions\\lib\\index.js"}
[debug] [2020-08-12T02:17:23.499Z] DEBUG: [runtime-status] [13208] firebase-admin has been stubbed. {"adminResolution":{"declared":true,"installed":true,"version":"8.13.0","resolution":"C:\\Users\\benfs\\Documents\\Benjamin\\Apartment\\apt\\functions\\node_modules\\firebase-admin\\lib\\index.js"}}
[debug] [2020-08-12T02:17:23.747Z] DEBUG: [runtime-status] [13208] initializeApp(DEFAULT) {"credential":{"implicit":false,"projectId":"apt-401b","privateKey":"-----BEGIN PRIVATE KEY-----\nMIIEvgIBADANBgkqhkiG9w0BAQEFAASCBKgwggSkAgEAAoIBAQDPoKBJ9Vlx214Z\nHGvecgqkc7/C+n1Efrtbtj4oSLjCe/MRjkkJ59Wcc73csdfJeZbpzfQ5/e0A2SGY\nmx6SIarhm3ln3irN3Tz/tToVWCDuaFBqrEdjlXOmycCTs0cqyNC3ngGIQQik1dEx\nCWcyQXDsQlHAHnypGMywnrIBAkZ03kXysbepWzS5EmmG4AMhiVbZ6pi+rY4vP/al\nAb3+APo/5KNTZW2iRNlYO/HdkcnY1lvK80MauAm/bwniFB/bozmGxgnKx1y05ogf\nnzQkLlkLsWHXFi7UV0N3hynzDD3jCAjP9H0GiAdYbC3uLXCg2Jwo6ls1kqE4Jq/H\nmMizP7qxAgMBAAECggEAKiEbpSYlmha7BzlfIeneAvSBqpyNIoLcnYVjI2VuJ/hi\nn+NRKrNiArbxhYCImpcTaimiLso5dvyX9pEzKM+wDssvXUYVRWRo5jHtsTsKo5WD\nC8IdUjWXG/bAHrg37pSE1V04Tl9z046XPe38hJQGx8nFMMh+3wjrL8NjtxSxGzFJ\nTFoSUs/M6j1aKXbuf/aVBoDakQEhy9+XRxlcFomYYmzWSsSIfUd/zXdGdPp/ifnw\nFxOmgSuwDBdfnpGissz4BTTPrYH4LsBxVxTdI6VG72N4hOOuttZSq0X7fUbX1Rwf\n8pE6ZkMpwRY8FMTl01vJi8dyisXiAywKQBBUA+R4CQKBgQDmqAM78fViTQsNaaVe\nZpjPon+DZpiVveJXRhUmVKCUBnrjkykTSoHbBnJJgIlfYARclsXKr813cnR/VUqt\nwVoOwrJTi9gu2Yrr6WWa0ONbCP0XVasCfjcM7O6nI7NvPX4t8rzJtN4tvs5RuG1N\nNDezhcWEGe/ShwAV3mnek9hi5wKBgQDmcNlmaGOh8nkClMuas9WYoxKCE5e1PMii\n0pxK97IfEnbJk5iUXnYVhIM9Kzs6hx1YFeGq/lY8/AUihMEa2UMlGk43zI0yikyN\n3BZ7F2oNXCzXuVuz+BV7AXo705NizaiPJ+OODxA6ARw9aIQQUogYlKXklFTnFPxM\ncVqTBt5apwKBgQDWattOz3eYIRykJFCJOADYDCxTf31avkD5dnnUvxjjYj687aFi\ngIHElPKLJ4UMd1q2o6ZM7C6p2mk3sZcRfUt1q0JQ7hBSRQKimb5NM+AWUX3NQmMN\nlz0fs+WK1GJKh7STjDI5o/xiNBzh1PsuqNsa9MEPM3lAkSTgL3jlYzTlgwKBgAkZ\nk7wzixuuE5FChvfI+jpY1jZEx8zkZZfocTuUpHgNpps3NONHB6q53OThfClHhKUh\n2BOEj6tA2IMQcv+4bKpea5BQh5LjWzqO4mRh/FIivbKXI0PsHA0LdeQ+6qcQMAPX\nM2k8twtTV+Yk5nIukClIVXS9Vsz5Sy1JnKYJs2YpAoGBAKlMsUZD1k16l3bZwo5p\nUncSb5Je64JgX1U/39a1eezPP/QGnVzgyqi0ZSBMmanYCKi9rsscbAeUJVD9jyob\nCtQxi2dslyniXlnRk7gpgOOTPlfTsGe476mJOLAzZ/UnlMfxQeCRef3pj/oyAIkR\nxMZPZiVfnvnHVj0bC46poO2A\n-----END PRIVATE KEY-----\n","clientEmail":"firebase-adminsdk-91wj3@apt-401b.iam.gserviceaccount.com","httpClient":{"retry":{"maxRetries":4,"statusCodes":[503],"ioErrorCodes":["ECONNRESET","ETIMEDOUT"],"backOffFactor":0.5,"maxDelayInMillis":60000}}},"databaseURL":"https://apt-401b.firebaseio.com"}
[debug] [2020-08-12T02:17:23.751Z] [functions[ringDoorbell]] http function initialized (http://localhost:5000/apt-401b/us-central1/ringDoorbell).
[info] i  functions: Loaded functions: ringDoorbell 
[warn] !  functions: The following emulators are not running, calls to these services will affect production: firestore, database, pubsub 
[debug] [2020-08-12T02:17:23.884Z] DEBUG: [worker-~diagnostic~-ed904b2d-1eec-4e56-b947-009ab01a154d]: IDLE
[debug] [2020-08-12T02:17:25.060Z] [work-queue] {"queueLength":1,"workRunningCount":0}
[debug] [2020-08-12T02:17:25.060Z] [work-queue] {"queueLength":0,"workRunningCount":1}
[debug] [2020-08-12T02:17:25.061Z] Accepted request OPTIONS /apt-401b/us-central1/ringDoorbell --> ringDoorbell
[debug] [2020-08-12T02:17:25.113Z] DEBUG: [worker-pool] addWorker(ringDoorbell)
[debug] [2020-08-12T02:17:25.114Z] DEBUG: [worker-pool] Adding worker with key ringDoorbell, total=1
[debug] [2020-08-12T02:17:25.114Z] DEBUG: [worker-pool] submitWork(triggerId=ringDoorbell)
[debug] [2020-08-12T02:17:25.114Z] DEBUG: [worker-ringDoorbell-76b2f289-8d92-46ad-90fc-db8b6346cf02]: Assigning socketPath: \\?\pipe\C:\Users\benfs\Documents\Benjamin\Apartment\apt\functions\35748
[debug] [2020-08-12T02:17:25.115Z] DEBUG: [worker-ringDoorbell-76b2f289-8d92-46ad-90fc-db8b6346cf02]: BUSY
[debug] [2020-08-12T02:17:26.161Z] DEBUG: [runtime-status] [35748] Functions runtime initialized. {"cwd":"C:\\Users\\benfs\\Documents\\Benjamin\\Apartment\\apt\\functions","node_version":"10.16.3"}
[debug] [2020-08-12T02:17:26.167Z] DEBUG: [runtime-status] [35748] Disabled runtime features: undefined
[debug] [2020-08-12T02:17:26.179Z] DEBUG: [runtime-status] [35748] Resolved module firebase-admin {"declared":true,"installed":true,"version":"8.13.0","resolution":"C:\\Users\\benfs\\Documents\\Benjamin\\Apartment\\apt\\functions\\node_modules\\firebase-admin\\lib\\index.js"}
[debug] [2020-08-12T02:17:26.183Z] DEBUG: [runtime-status] [35748] Resolved module firebase-functions {"declared":true,"installed":true,"version":"3.9.0","resolution":"C:\\Users\\benfs\\Documents\\Benjamin\\Apartment\\apt\\functions\\node_modules\\firebase-functions\\lib\\index.js"}
[debug] [2020-08-12T02:17:26.194Z] DEBUG: [runtime-status] [35748] Outgoing network have been stubbed. [{"name":"http","status":"mocked"},{"name":"http","status":"mocked"},{"name":"https","status":"mocked"},{"name":"https","status":"mocked"},{"name":"net","status":"mocked"}]
[debug] [2020-08-12T02:17:26.197Z] DEBUG: [runtime-status] [35748] Resolved module firebase-functions {"declared":true,"installed":true,"version":"3.9.0","resolution":"C:\\Users\\benfs\\Documents\\Benjamin\\Apartment\\apt\\functions\\node_modules\\firebase-functions\\lib\\index.js"}
[debug] [2020-08-12T02:17:26.308Z] DEBUG: [runtime-status] [35748] Checked functions.config() {"config":{}}
[debug] [2020-08-12T02:17:26.309Z] DEBUG: [runtime-status] [35748] firebase-functions has been stubbed. {"functionsResolution":{"declared":true,"installed":true,"version":"3.9.0","resolution":"C:\\Users\\benfs\\Documents\\Benjamin\\Apartment\\apt\\functions\\node_modules\\firebase-functions\\lib\\index.js"}}
[debug] [2020-08-12T02:17:26.310Z] DEBUG: [runtime-status] [35748] Resolved module firebase-functions {"declared":true,"installed":true,"version":"3.9.0","resolution":"C:\\Users\\benfs\\Documents\\Benjamin\\Apartment\\apt\\functions\\node_modules\\firebase-functions\\lib\\index.js"}
[debug] [2020-08-12T02:17:26.312Z] DEBUG: [runtime-status] [35748] Resolved module firebase-admin {"declared":true,"installed":true,"version":"8.13.0","resolution":"C:\\Users\\benfs\\Documents\\Benjamin\\Apartment\\apt\\functions\\node_modules\\firebase-admin\\lib\\index.js"}
[debug] [2020-08-12T02:17:26.314Z] DEBUG: [runtime-status] [35748] Resolved module firebase-functions {"declared":true,"installed":true,"version":"3.9.0","resolution":"C:\\Users\\benfs\\Documents\\Benjamin\\Apartment\\apt\\functions\\node_modules\\firebase-functions\\lib\\index.js"}
[debug] [2020-08-12T02:17:26.314Z] DEBUG: [runtime-status] [35748] firebase-admin has been stubbed. {"adminResolution":{"declared":true,"installed":true,"version":"8.13.0","resolution":"C:\\Users\\benfs\\Documents\\Benjamin\\Apartment\\apt\\functions\\node_modules\\firebase-admin\\lib\\index.js"}}
[debug] [2020-08-12T02:17:26.551Z] DEBUG: [runtime-status] [35748] initializeApp(DEFAULT) {"credential":{"implicit":false,"projectId":"apt-401b","privateKey":"-----BEGIN PRIVATE KEY-----\nMIIEvgIBADANBgkqhkiG9w0BAQEFAASCBKgwggSkAgEAAoIBAQDPoKBJ9Vlx214Z\nHGvecgqkc7/C+n1Efrtbtj4oSLjCe/MRjkkJ59Wcc73csdfJeZbpzfQ5/e0A2SGY\nmx6SIarhm3ln3irN3Tz/tToVWCDuaFBqrEdjlXOmycCTs0cqyNC3ngGIQQik1dEx\nCWcyQXDsQlHAHnypGMywnrIBAkZ03kXysbepWzS5EmmG4AMhiVbZ6pi+rY4vP/al\nAb3+APo/5KNTZW2iRNlYO/HdkcnY1lvK80MauAm/bwniFB/bozmGxgnKx1y05ogf\nnzQkLlkLsWHXFi7UV0N3hynzDD3jCAjP9H0GiAdYbC3uLXCg2Jwo6ls1kqE4Jq/H\nmMizP7qxAgMBAAECggEAKiEbpSYlmha7BzlfIeneAvSBqpyNIoLcnYVjI2VuJ/hi\nn+NRKrNiArbxhYCImpcTaimiLso5dvyX9pEzKM+wDssvXUYVRWRo5jHtsTsKo5WD\nC8IdUjWXG/bAHrg37pSE1V04Tl9z046XPe38hJQGx8nFMMh+3wjrL8NjtxSxGzFJ\nTFoSUs/M6j1aKXbuf/aVBoDakQEhy9+XRxlcFomYYmzWSsSIfUd/zXdGdPp/ifnw\nFxOmgSuwDBdfnpGissz4BTTPrYH4LsBxVxTdI6VG72N4hOOuttZSq0X7fUbX1Rwf\n8pE6ZkMpwRY8FMTl01vJi8dyisXiAywKQBBUA+R4CQKBgQDmqAM78fViTQsNaaVe\nZpjPon+DZpiVveJXRhUmVKCUBnrjkykTSoHbBnJJgIlfYARclsXKr813cnR/VUqt\nwVoOwrJTi9gu2Yrr6WWa0ONbCP0XVasCfjcM7O6nI7NvPX4t8rzJtN4tvs5RuG1N\nNDezhcWEGe/ShwAV3mnek9hi5wKBgQDmcNlmaGOh8nkClMuas9WYoxKCE5e1PMii\n0pxK97IfEnbJk5iUXnYVhIM9Kzs6hx1YFeGq/lY8/AUihMEa2UMlGk43zI0yikyN\n3BZ7F2oNXCzXuVuz+BV7AXo705NizaiPJ+OODxA6ARw9aIQQUogYlKXklFTnFPxM\ncVqTBt5apwKBgQDWattOz3eYIRykJFCJOADYDCxTf31avkD5dnnUvxjjYj687aFi\ngIHElPKLJ4UMd1q2o6ZM7C6p2mk3sZcRfUt1q0JQ7hBSRQKimb5NM+AWUX3NQmMN\nlz0fs+WK1GJKh7STjDI5o/xiNBzh1PsuqNsa9MEPM3lAkSTgL3jlYzTlgwKBgAkZ\nk7wzixuuE5FChvfI+jpY1jZEx8zkZZfocTuUpHgNpps3NONHB6q53OThfClHhKUh\n2BOEj6tA2IMQcv+4bKpea5BQh5LjWzqO4mRh/FIivbKXI0PsHA0LdeQ+6qcQMAPX\nM2k8twtTV+Yk5nIukClIVXS9Vsz5Sy1JnKYJs2YpAoGBAKlMsUZD1k16l3bZwo5p\nUncSb5Je64JgX1U/39a1eezPP/QGnVzgyqi0ZSBMmanYCKi9rsscbAeUJVD9jyob\nCtQxi2dslyniXlnRk7gpgOOTPlfTsGe476mJOLAzZ/UnlMfxQeCRef3pj/oyAIkR\nxMZPZiVfnvnHVj0bC46poO2A\n-----END PRIVATE KEY-----\n","clientEmail":"firebase-adminsdk-91wj3@apt-401b.iam.gserviceaccount.com","httpClient":{"retry":{"maxRetries":4,"statusCodes":[503],"ioErrorCodes":["ECONNRESET","ETIMEDOUT"],"backOffFactor":0.5,"maxDelayInMillis":60000}}},"databaseURL":"https://apt-401b.firebaseio.com"}
[debug] [2020-08-12T02:17:26.555Z] DEBUG: [runtime-status] [35748] Trigger "ringDoorbell" has been found, beginning invocation!
[debug] [2020-08-12T02:17:26.555Z] [functions] Beginning execution of "ringDoorbell"
[debug] [2020-08-12T02:17:26.556Z] DEBUG: [runtime-status] [35748] triggerDefinition {"httpsTrigger":{},"labels":{"deployment-callable":"true"},"name":"ringDoorbell","entryPoint":"ringDoorbell"}
[debug] [2020-08-12T02:17:26.556Z] DEBUG: [runtime-status] [35748] Running ringDoorbell in mode HTTPS
[debug] [2020-08-12T02:17:26.563Z] DEBUG: [runtime-status] [35748] Attempting to listen to socketPath: \\?\pipe\C:\Users\benfs\Documents\Benjamin\Apartment\apt\functions\35748
[debug] [2020-08-12T02:17:26.573Z] DEBUG: [functions] Runtime ready! Sending request!
[debug] [2020-08-12T02:17:26.586Z] DEBUG: [runtime-status] [35748] Ephemeral server handling OPTIONS request
[debug] [2020-08-12T02:17:26.594Z] DEBUG: [runtime-status] [35748] Ephemeral server survived.
[debug] [2020-08-12T02:17:26.596Z] [work-queue] {"queueLength":1,"workRunningCount":1}
[debug] [2020-08-12T02:17:26.596Z] [work-queue] {"queueLength":0,"workRunningCount":2}
[debug] [2020-08-12T02:17:26.596Z] Accepted request POST /apt-401b/us-central1/ringDoorbell --> ringDoorbell
[debug] [2020-08-12T02:17:26.652Z] DEBUG: [worker-pool] addWorker(ringDoorbell)
[debug] [2020-08-12T02:17:26.653Z] DEBUG: [worker-pool] Adding worker with key ringDoorbell, total=2
[debug] [2020-08-12T02:17:26.653Z] DEBUG: [worker-pool] submitWork(triggerId=ringDoorbell)
[debug] [2020-08-12T02:17:26.653Z] DEBUG: [worker-ringDoorbell-8584bd4b-625d-497c-967c-c4a0451351a1]: Assigning socketPath: \\?\pipe\C:\Users\benfs\Documents\Benjamin\Apartment\apt\functions\43376
[debug] [2020-08-12T02:17:26.653Z] DEBUG: [worker-ringDoorbell-8584bd4b-625d-497c-967c-c4a0451351a1]: BUSY
[debug] [2020-08-12T02:17:26.654Z] [functions] Finished "ringDoorbell" in ~1s
[debug] [2020-08-12T02:17:26.654Z] DEBUG: [worker-ringDoorbell-76b2f289-8d92-46ad-90fc-db8b6346cf02]: IDLE
[debug] [2020-08-12T02:17:26.655Z] [work-queue] {"queueLength":0,"workRunningCount":1}
[debug] [2020-08-12T02:17:27.686Z] DEBUG: [runtime-status] [43376] Functions runtime initialized. {"cwd":"C:\\Users\\benfs\\Documents\\Benjamin\\Apartment\\apt\\functions","node_version":"10.16.3"}
[debug] [2020-08-12T02:17:27.689Z] DEBUG: [runtime-status] [43376] Disabled runtime features: undefined
[debug] [2020-08-12T02:17:27.698Z] DEBUG: [runtime-status] [43376] Resolved module firebase-admin {"declared":true,"installed":true,"version":"8.13.0","resolution":"C:\\Users\\benfs\\Documents\\Benjamin\\Apartment\\apt\\functions\\node_modules\\firebase-admin\\lib\\index.js"}
[debug] [2020-08-12T02:17:27.701Z] DEBUG: [runtime-status] [43376] Resolved module firebase-functions {"declared":true,"installed":true,"version":"3.9.0","resolution":"C:\\Users\\benfs\\Documents\\Benjamin\\Apartment\\apt\\functions\\node_modules\\firebase-functions\\lib\\index.js"}
[debug] [2020-08-12T02:17:27.710Z] DEBUG: [runtime-status] [43376] Outgoing network have been stubbed. [{"name":"http","status":"mocked"},{"name":"http","status":"mocked"},{"name":"https","status":"mocked"},{"name":"https","status":"mocked"},{"name":"net","status":"mocked"}]
[debug] [2020-08-12T02:17:27.711Z] DEBUG: [runtime-status] [43376] Resolved module firebase-functions {"declared":true,"installed":true,"version":"3.9.0","resolution":"C:\\Users\\benfs\\Documents\\Benjamin\\Apartment\\apt\\functions\\node_modules\\firebase-functions\\lib\\index.js"}
[debug] [2020-08-12T02:17:27.818Z] DEBUG: [runtime-status] [43376] Checked functions.config() {"config":{}}
[debug] [2020-08-12T02:17:27.819Z] DEBUG: [runtime-status] [43376] firebase-functions has been stubbed. {"functionsResolution":{"declared":true,"installed":true,"version":"3.9.0","resolution":"C:\\Users\\benfs\\Documents\\Benjamin\\Apartment\\apt\\functions\\node_modules\\firebase-functions\\lib\\index.js"}}
[debug] [2020-08-12T02:17:27.820Z] DEBUG: [runtime-status] [43376] Resolved module firebase-functions {"declared":true,"installed":true,"version":"3.9.0","resolution":"C:\\Users\\benfs\\Documents\\Benjamin\\Apartment\\apt\\functions\\node_modules\\firebase-functions\\lib\\index.js"}
[debug] [2020-08-12T02:17:27.822Z] DEBUG: [runtime-status] [43376] Resolved module firebase-admin {"declared":true,"installed":true,"version":"8.13.0","resolution":"C:\\Users\\benfs\\Documents\\Benjamin\\Apartment\\apt\\functions\\node_modules\\firebase-admin\\lib\\index.js"}
[debug] [2020-08-12T02:17:27.823Z] DEBUG: [runtime-status] [43376] Resolved module firebase-functions {"declared":true,"installed":true,"version":"3.9.0","resolution":"C:\\Users\\benfs\\Documents\\Benjamin\\Apartment\\apt\\functions\\node_modules\\firebase-functions\\lib\\index.js"}
[debug] [2020-08-12T02:17:27.823Z] DEBUG: [runtime-status] [43376] firebase-admin has been stubbed. {"adminResolution":{"declared":true,"installed":true,"version":"8.13.0","resolution":"C:\\Users\\benfs\\Documents\\Benjamin\\Apartment\\apt\\functions\\node_modules\\firebase-admin\\lib\\index.js"}}
[debug] [2020-08-12T02:17:28.055Z] DEBUG: [runtime-status] [43376] initializeApp(DEFAULT) {"credential":{"implicit":false,"projectId":"apt-401b","privateKey":"-----BEGIN PRIVATE KEY-----\nMIIEvgIBADANBgkqhkiG9w0BAQEFAASCBKgwggSkAgEAAoIBAQDPoKBJ9Vlx214Z\nHGvecgqkc7/C+n1Efrtbtj4oSLjCe/MRjkkJ59Wcc73csdfJeZbpzfQ5/e0A2SGY\nmx6SIarhm3ln3irN3Tz/tToVWCDuaFBqrEdjlXOmycCTs0cqyNC3ngGIQQik1dEx\nCWcyQXDsQlHAHnypGMywnrIBAkZ03kXysbepWzS5EmmG4AMhiVbZ6pi+rY4vP/al\nAb3+APo/5KNTZW2iRNlYO/HdkcnY1lvK80MauAm/bwniFB/bozmGxgnKx1y05ogf\nnzQkLlkLsWHXFi7UV0N3hynzDD3jCAjP9H0GiAdYbC3uLXCg2Jwo6ls1kqE4Jq/H\nmMizP7qxAgMBAAECggEAKiEbpSYlmha7BzlfIeneAvSBqpyNIoLcnYVjI2VuJ/hi\nn+NRKrNiArbxhYCImpcTaimiLso5dvyX9pEzKM+wDssvXUYVRWRo5jHtsTsKo5WD\nC8IdUjWXG/bAHrg37pSE1V04Tl9z046XPe38hJQGx8nFMMh+3wjrL8NjtxSxGzFJ\nTFoSUs/M6j1aKXbuf/aVBoDakQEhy9+XRxlcFomYYmzWSsSIfUd/zXdGdPp/ifnw\nFxOmgSuwDBdfnpGissz4BTTPrYH4LsBxVxTdI6VG72N4hOOuttZSq0X7fUbX1Rwf\n8pE6ZkMpwRY8FMTl01vJi8dyisXiAywKQBBUA+R4CQKBgQDmqAM78fViTQsNaaVe\nZpjPon+DZpiVveJXRhUmVKCUBnrjkykTSoHbBnJJgIlfYARclsXKr813cnR/VUqt\nwVoOwrJTi9gu2Yrr6WWa0ONbCP0XVasCfjcM7O6nI7NvPX4t8rzJtN4tvs5RuG1N\nNDezhcWEGe/ShwAV3mnek9hi5wKBgQDmcNlmaGOh8nkClMuas9WYoxKCE5e1PMii\n0pxK97IfEnbJk5iUXnYVhIM9Kzs6hx1YFeGq/lY8/AUihMEa2UMlGk43zI0yikyN\n3BZ7F2oNXCzXuVuz+BV7AXo705NizaiPJ+OODxA6ARw9aIQQUogYlKXklFTnFPxM\ncVqTBt5apwKBgQDWattOz3eYIRykJFCJOADYDCxTf31avkD5dnnUvxjjYj687aFi\ngIHElPKLJ4UMd1q2o6ZM7C6p2mk3sZcRfUt1q0JQ7hBSRQKimb5NM+AWUX3NQmMN\nlz0fs+WK1GJKh7STjDI5o/xiNBzh1PsuqNsa9MEPM3lAkSTgL3jlYzTlgwKBgAkZ\nk7wzixuuE5FChvfI+jpY1jZEx8zkZZfocTuUpHgNpps3NONHB6q53OThfClHhKUh\n2BOEj6tA2IMQcv+4bKpea5BQh5LjWzqO4mRh/FIivbKXI0PsHA0LdeQ+6qcQMAPX\nM2k8twtTV+Yk5nIukClIVXS9Vsz5Sy1JnKYJs2YpAoGBAKlMsUZD1k16l3bZwo5p\nUncSb5Je64JgX1U/39a1eezPP/QGnVzgyqi0ZSBMmanYCKi9rsscbAeUJVD9jyob\nCtQxi2dslyniXlnRk7gpgOOTPlfTsGe476mJOLAzZ/UnlMfxQeCRef3pj/oyAIkR\nxMZPZiVfnvnHVj0bC46poO2A\n-----END PRIVATE KEY-----\n","clientEmail":"firebase-adminsdk-91wj3@apt-401b.iam.gserviceaccount.com","httpClient":{"retry":{"maxRetries":4,"statusCodes":[503],"ioErrorCodes":["ECONNRESET","ETIMEDOUT"],"backOffFactor":0.5,"maxDelayInMillis":60000}}},"databaseURL":"https://apt-401b.firebaseio.com"}
[debug] [2020-08-12T02:17:28.059Z] DEBUG: [runtime-status] [43376] Trigger "ringDoorbell" has been found, beginning invocation!
[debug] [2020-08-12T02:17:28.059Z] [functions] Beginning execution of "ringDoorbell"
[debug] [2020-08-12T02:17:28.060Z] DEBUG: [runtime-status] [43376] triggerDefinition {"httpsTrigger":{},"labels":{"deployment-callable":"true"},"name":"ringDoorbell","entryPoint":"ringDoorbell"}
[debug] [2020-08-12T02:17:28.060Z] DEBUG: [runtime-status] [43376] Running ringDoorbell in mode HTTPS
[debug] [2020-08-12T02:17:28.069Z] DEBUG: [runtime-status] [43376] Attempting to listen to socketPath: \\?\pipe\C:\Users\benfs\Documents\Benjamin\Apartment\apt\functions\43376
[debug] [2020-08-12T02:17:28.075Z] DEBUG: [functions] Runtime ready! Sending request!
[debug] [2020-08-12T02:17:28.113Z] DEBUG: [runtime-status] [43376] Ephemeral server handling POST request
[debug] [2020-08-12T02:17:28.119Z] DEBUG: [runtime-status] [43376] No callable functions auth found
[debug] [2020-08-12T02:17:28.144Z] DEBUG: [runtime-status] [43376] Ephemeral server survived.
[debug] [2020-08-12T02:17:28.154Z] [functions] Finished "ringDoorbell" in ~1s
[debug] [2020-08-12T02:17:28.155Z] DEBUG: [worker-ringDoorbell-8584bd4b-625d-497c-967c-c4a0451351a1]: IDLE
[debug] [2020-08-12T02:17:28.155Z] [work-queue] {"queueLength":0,"workRunningCount":0}
[info] >  Message sent: <8385cd83-90d9-4f5a-af40-d5be96efff20@gmail.com> {"user":"Message sent: <8385cd83-90d9-4f5a-af40-d5be96efff20@gmail.com>","metadata":{"emulator":{"name":"functions"},"function":{"name":"ringDoorbell"},"message":"\u001b[90m> \u001b[39m Message sent: <8385cd83-90d9-4f5a-af40-d5be96efff20@gmail.com>"}}
[debug] [2020-08-12T02:17:58.848Z] DEBUG: [worker-~diagnostic~-ed904b2d-1eec-4e56-b947-009ab01a154d]: exited
[debug] [2020-08-12T02:17:58.848Z] DEBUG: [worker-~diagnostic~-ed904b2d-1eec-4e56-b947-009ab01a154d]: FINISHED
[debug] [2020-08-12T02:17:58.850Z] DEBUG: [worker-ringDoorbell-8584bd4b-625d-497c-967c-c4a0451351a1]: exited
[debug] [2020-08-12T02:17:58.850Z] DEBUG: [worker-ringDoorbell-8584bd4b-625d-497c-967c-c4a0451351a1]: FINISHED
[debug] [2020-08-12T02:17:58.851Z] DEBUG: [worker-ringDoorbell-76b2f289-8d92-46ad-90fc-db8b6346cf02]: exited
[debug] [2020-08-12T02:17:58.851Z] DEBUG: [worker-ringDoorbell-76b2f289-8d92-46ad-90fc-db8b6346cf02]: FINISHED
